2023-12-01 15:13:18,052 - INFO - LCS computed for strings 'ABABCDDEEFF' and 'ABCBAFFEEDD'
2023-12-01 15:13:18,052 - INFO - LCS length = 5
2023-12-01 15:13:18,053 - DEBUG - DP table:
array([[0, 0, 0, 0, 0, 0, 0, 0, 0, 0, 0, 0],
       [0, 1, 1, 1, 1, 1, 1, 1, 1, 1, 1, 1],
       [0, 1, 2, 2, 2, 2, 2, 2, 2, 2, 2, 2],
       [0, 1, 2, 2, 2, 3, 3, 3, 3, 3, 3, 3],
       [0, 1, 2, 2, 3, 3, 3, 3, 3, 3, 3, 3],
       [0, 1, 2, 3, 3, 3, 3, 3, 3, 3, 3, 3],
       [0, 1, 2, 3, 3, 3, 3, 3, 3, 3, 4, 4],
       [0, 1, 2, 3, 3, 3, 3, 3, 3, 3, 4, 5],
       [0, 1, 2, 3, 3, 3, 3, 3, 4, 4, 4, 5],
       [0, 1, 2, 3, 3, 3, 3, 3, 4, 5, 5, 5],
       [0, 1, 2, 3, 3, 3, 4, 4, 4, 5, 5, 5],
       [0, 1, 2, 3, 3, 3, 4, 5, 5, 5, 5, 5]])
2023-12-01 15:13:18,055 - DEBUG - Previous position dict:
{(0, 1): ['LEFT'],
 (0, 2): ['LEFT'],
 (0, 3): ['LEFT'],
 (0, 4): ['LEFT'],
 (0, 5): ['LEFT'],
 (0, 6): ['LEFT'],
 (0, 7): ['LEFT'],
 (0, 8): ['LEFT'],
 (0, 9): ['LEFT'],
 (0, 10): ['LEFT'],
 (0, 11): ['LEFT'],
 (1, 0): ['UP'],
 (1, 1): ['UPPER_LEFT'],
 (1, 2): ['LEFT'],
 (1, 3): ['LEFT'],
 (1, 4): ['LEFT'],
 (1, 5): ['LEFT', 'UPPER_LEFT'],
 (1, 6): ['LEFT'],
 (1, 7): ['LEFT'],
 (1, 8): ['LEFT'],
 (1, 9): ['LEFT'],
 (1, 10): ['LEFT'],
 (1, 11): ['LEFT'],
 (2, 0): ['UP'],
 (2, 1): ['UP'],
 (2, 2): ['UPPER_LEFT'],
 (2, 3): ['LEFT'],
 (2, 4): ['LEFT', 'UPPER_LEFT'],
 (2, 5): ['LEFT'],
 (2, 6): ['LEFT'],
 (2, 7): ['LEFT'],
 (2, 8): ['LEFT'],
 (2, 9): ['LEFT'],
 (2, 10): ['LEFT'],
 (2, 11): ['LEFT'],
 (3, 0): ['UP'],
 (3, 1): ['UP', 'UPPER_LEFT'],
 (3, 2): ['UP'],
 (3, 3): ['UP', 'LEFT', 'UPPER_LEFT'],
 (3, 4): ['UP', 'LEFT', 'UPPER_LEFT'],
 (3, 5): ['UPPER_LEFT'],
 (3, 6): ['LEFT'],
 (3, 7): ['LEFT'],
 (3, 8): ['LEFT'],
 (3, 9): ['LEFT'],
 (3, 10): ['LEFT'],
 (3, 11): ['LEFT'],
 (4, 0): ['UP'],
 (4, 1): ['UP'],
 (4, 2): ['UP', 'UPPER_LEFT'],
 (4, 3): ['UP', 'LEFT', 'UPPER_LEFT'],
 (4, 4): ['UPPER_LEFT'],
 (4, 5): ['UP', 'LEFT'],
 (4, 6): ['UP', 'LEFT', 'UPPER_LEFT'],
 (4, 7): ['UP', 'LEFT', 'UPPER_LEFT'],
 (4, 8): ['UP', 'LEFT', 'UPPER_LEFT'],
 (4, 9): ['UP', 'LEFT', 'UPPER_LEFT'],
 (4, 10): ['UP', 'LEFT', 'UPPER_LEFT'],
 (4, 11): ['UP', 'LEFT', 'UPPER_LEFT'],
 (5, 0): ['UP'],
 (5, 1): ['UP'],
 (5, 2): ['UP'],
 (5, 3): ['UPPER_LEFT'],
 (5, 4): ['UP', 'LEFT'],
 (5, 5): ['UP', 'LEFT', 'UPPER_LEFT'],
 (5, 6): ['UP', 'LEFT', 'UPPER_LEFT'],
 (5, 7): ['UP', 'LEFT', 'UPPER_LEFT'],
 (5, 8): ['UP', 'LEFT', 'UPPER_LEFT'],
 (5, 9): ['UP', 'LEFT', 'UPPER_LEFT'],
 (5, 10): ['UP', 'LEFT', 'UPPER_LEFT'],
 (5, 11): ['UP', 'LEFT', 'UPPER_LEFT'],
 (6, 0): ['UP'],
 (6, 1): ['UP'],
 (6, 2): ['UP'],
 (6, 3): ['UP'],
 (6, 4): ['UP', 'LEFT', 'UPPER_LEFT'],
 (6, 5): ['UP', 'LEFT', 'UPPER_LEFT'],
 (6, 6): ['UP', 'LEFT', 'UPPER_LEFT'],
 (6, 7): ['UP', 'LEFT', 'UPPER_LEFT'],
 (6, 8): ['UP', 'LEFT', 'UPPER_LEFT'],
 (6, 9): ['UP', 'LEFT', 'UPPER_LEFT'],
 (6, 10): ['UPPER_LEFT'],
 (6, 11): ['LEFT', 'UPPER_LEFT'],
 (7, 0): ['UP'],
 (7, 1): ['UP'],
 (7, 2): ['UP'],
 (7, 3): ['UP'],
 (7, 4): ['UP', 'LEFT', 'UPPER_LEFT'],
 (7, 5): ['UP', 'LEFT', 'UPPER_LEFT'],
 (7, 6): ['UP', 'LEFT', 'UPPER_LEFT'],
 (7, 7): ['UP', 'LEFT', 'UPPER_LEFT'],
 (7, 8): ['UP', 'LEFT', 'UPPER_LEFT'],
 (7, 9): ['UP', 'LEFT', 'UPPER_LEFT'],
 (7, 10): ['UP', 'UPPER_LEFT'],
 (7, 11): ['UPPER_LEFT'],
 (8, 0): ['UP'],
 (8, 1): ['UP'],
 (8, 2): ['UP'],
 (8, 3): ['UP'],
 (8, 4): ['UP', 'LEFT', 'UPPER_LEFT'],
 (8, 5): ['UP', 'LEFT', 'UPPER_LEFT'],
 (8, 6): ['UP', 'LEFT', 'UPPER_LEFT'],
 (8, 7): ['UP', 'LEFT', 'UPPER_LEFT'],
 (8, 8): ['UPPER_LEFT'],
 (8, 9): ['LEFT', 'UPPER_LEFT'],
 (8, 10): ['UP', 'LEFT'],
 (8, 11): ['UP'],
 (9, 0): ['UP'],
 (9, 1): ['UP'],
 (9, 2): ['UP'],
 (9, 3): ['UP'],
 (9, 4): ['UP', 'LEFT', 'UPPER_LEFT'],
 (9, 5): ['UP', 'LEFT', 'UPPER_LEFT'],
 (9, 6): ['UP', 'LEFT', 'UPPER_LEFT'],
 (9, 7): ['UP', 'LEFT', 'UPPER_LEFT'],
 (9, 8): ['UP', 'UPPER_LEFT'],
 (9, 9): ['UPPER_LEFT'],
 (9, 10): ['LEFT'],
 (9, 11): ['UP', 'LEFT'],
 (10, 0): ['UP'],
 (10, 1): ['UP'],
 (10, 2): ['UP'],
 (10, 3): ['UP'],
 (10, 4): ['UP', 'LEFT', 'UPPER_LEFT'],
 (10, 5): ['UP', 'LEFT', 'UPPER_LEFT'],
 (10, 6): ['UPPER_LEFT'],
 (10, 7): ['LEFT', 'UPPER_LEFT'],
 (10, 8): ['UP', 'LEFT'],
 (10, 9): ['UP'],
 (10, 10): ['UP', 'LEFT', 'UPPER_LEFT'],
 (10, 11): ['UP', 'LEFT', 'UPPER_LEFT'],
 (11, 0): ['UP'],
 (11, 1): ['UP'],
 (11, 2): ['UP'],
 (11, 3): ['UP'],
 (11, 4): ['UP', 'LEFT', 'UPPER_LEFT'],
 (11, 5): ['UP', 'LEFT', 'UPPER_LEFT'],
 (11, 6): ['UP', 'UPPER_LEFT'],
 (11, 7): ['UPPER_LEFT'],
 (11, 8): ['LEFT'],
 (11, 9): ['UP', 'LEFT'],
 (11, 10): ['UP', 'LEFT', 'UPPER_LEFT'],
 (11, 11): ['UP', 'LEFT', 'UPPER_LEFT']}
2023-12-01 15:13:18,066 - INFO - LCS graph computed.
2023-12-01 15:13:18,066 - INFO - LCS set:
{'ABADD',
 'ABAEE',
 'ABAFF',
 'ABBDD',
 'ABBEE',
 'ABBFF',
 'ABCDD',
 'ABCEE',
 'ABCFF'}
2023-12-01 15:13:18,066 - DEBUG - Epsilon-free V_G:
{(0, 0),
 (1, 0),
 (1, 1),
 (1, 2),
 (1, 3),
 (2, 0),
 (2, 1),
 (2, 2),
 (2, 3),
 (2, 4),
 (3, 1),
 (3, 2),
 (3, 3),
 (3, 5),
 (3, 6),
 (3, 7),
 (3, 8),
 (3, 9),
 (4, 2),
 (4, 4),
 (4, 5),
 (4, 6),
 (4, 7),
 (4, 8),
 (4, 9),
 (5, 3),
 (5, 4),
 (5, 5),
 (5, 6),
 (5, 7),
 (5, 8),
 (5, 9),
 (6, 3),
 (6, 4),
 (6, 5),
 (6, 6),
 (6, 7),
 (6, 10),
 (7, 3),
 (7, 4),
 (7, 5),
 (7, 6),
 (7, 7),
 (8, 3),
 (8, 4),
 (8, 5),
 (8, 8),
 (8, 11),
 (9, 3),
 (9, 4),
 (9, 5),
 (9, 10),
 (9, 11),
 (10, 6),
 (10, 9),
 (10, 10),
 (10, 11),
 (11, 8),
 (11, 9),
 (11, 10),
 (11, 11)}
2023-12-01 15:13:18,067 - DEBUG - Epsilon-free E_G:
{((0, 0), 'A', (1, 1)),
 ((0, 0), 'A', (3, 1)),
 ((1, 0), 'A', (3, 1)),
 ((1, 1), 'B', (2, 2)),
 ((1, 1), 'B', (2, 4)),
 ((1, 1), 'B', (4, 2)),
 ((1, 2), 'B', (2, 4)),
 ((1, 3), 'B', (2, 4)),
 ((2, 0), 'A', (3, 1)),
 ((2, 1), 'B', (4, 2)),
 ((2, 2), 'A', (3, 5)),
 ((2, 2), 'B', (4, 4)),
 ((2, 2), 'C', (5, 3)),
 ((2, 3), 'A', (3, 5)),
 ((2, 3), 'B', (4, 4)),
 ((2, 4), 'A', (3, 5)),
 ((3, 1), 'B', (4, 2)),
 ((3, 2), 'B', (4, 4)),
 ((3, 2), 'C', (5, 3)),
 ((3, 3), 'B', (4, 4)),
 ((3, 5), 'D', (6, 10)),
 ((3, 5), 'E', (8, 8)),
 ((3, 5), 'F', (10, 6)),
 ((3, 6), 'D', (6, 10)),
 ((3, 6), 'E', (8, 8)),
 ((3, 7), 'D', (6, 10)),
 ((3, 7), 'E', (8, 8)),
 ((3, 8), 'D', (6, 10)),
 ((3, 9), 'D', (6, 10)),
 ((4, 2), 'C', (5, 3)),
 ((4, 4), 'D', (6, 10)),
 ((4, 4), 'E', (8, 8)),
 ((4, 4), 'F', (10, 6)),
 ((4, 5), 'D', (6, 10)),
 ((4, 5), 'E', (8, 8)),
 ((4, 5), 'F', (10, 6)),
 ((4, 6), 'D', (6, 10)),
 ((4, 6), 'E', (8, 8)),
 ((4, 7), 'D', (6, 10)),
 ((4, 7), 'E', (8, 8)),
 ((4, 8), 'D', (6, 10)),
 ((4, 9), 'D', (6, 10)),
 ((5, 3), 'D', (6, 10)),
 ((5, 3), 'E', (8, 8)),
 ((5, 3), 'F', (10, 6)),
 ((5, 4), 'D', (6, 10)),
 ((5, 4), 'E', (8, 8)),
 ((5, 4), 'F', (10, 6)),
 ((5, 5), 'D', (6, 10)),
 ((5, 5), 'E', (8, 8)),
 ((5, 5), 'F', (10, 6)),
 ((5, 6), 'D', (6, 10)),
 ((5, 6), 'E', (8, 8)),
 ((5, 7), 'D', (6, 10)),
 ((5, 7), 'E', (8, 8)),
 ((5, 8), 'D', (6, 10)),
 ((5, 9), 'D', (6, 10)),
 ((6, 3), 'E', (8, 8)),
 ((6, 3), 'F', (10, 6)),
 ((6, 4), 'E', (8, 8)),
 ((6, 4), 'F', (10, 6)),
 ((6, 5), 'E', (8, 8)),
 ((6, 5), 'F', (10, 6)),
 ((6, 6), 'E', (8, 8)),
 ((6, 7), 'E', (8, 8)),
 ((6, 10), 'D', (11, 11)),
 ((7, 3), 'E', (8, 8)),
 ((7, 3), 'F', (10, 6)),
 ((7, 4), 'E', (8, 8)),
 ((7, 4), 'F', (10, 6)),
 ((7, 5), 'E', (8, 8)),
 ((7, 5), 'F', (10, 6)),
 ((7, 6), 'E', (8, 8)),
 ((7, 7), 'E', (8, 8)),
 ((8, 3), 'F', (10, 6)),
 ((8, 4), 'F', (10, 6)),
 ((8, 5), 'F', (10, 6)),
 ((8, 8), 'E', (11, 11)),
 ((9, 3), 'F', (10, 6)),
 ((9, 4), 'F', (10, 6)),
 ((9, 5), 'F', (10, 6)),
 ((10, 6), 'F', (11, 11))}
2023-12-01 15:13:18,067 - DEBUG - Leveled_eps_free V_G:
{0: [(0, 0)],
 1: [(3, 1), (1, 1)],
 2: [(4, 2), (2, 2), (2, 4)],
 3: [(5, 3), (3, 5), (4, 4)],
 4: [(10, 6), (8, 8), (6, 10)],
 5: [(11, 11)]}
2023-12-01 15:13:18,068 - DEBUG - Leveled_eps_free E_G:
{1: [((0, 0), 'A', (3, 1)), ((0, 0), 'A', (1, 1))],
 2: [((3, 1), 'B', (4, 2)),
     ((1, 1), 'B', (2, 2)),
     ((1, 1), 'B', (2, 4)),
     ((1, 1), 'B', (4, 2))],
 3: [((4, 2), 'C', (5, 3)),
     ((2, 2), 'A', (3, 5)),
     ((2, 2), 'C', (5, 3)),
     ((2, 2), 'B', (4, 4)),
     ((2, 4), 'A', (3, 5))],
 4: [((5, 3), 'F', (10, 6)),
     ((5, 3), 'E', (8, 8)),
     ((5, 3), 'D', (6, 10)),
     ((3, 5), 'F', (10, 6)),
     ((3, 5), 'E', (8, 8)),
     ((3, 5), 'D', (6, 10)),
     ((4, 4), 'F', (10, 6)),
     ((4, 4), 'E', (8, 8)),
     ((4, 4), 'D', (6, 10))],
 5: [((10, 6), 'F', (11, 11)),
     ((8, 8), 'E', (11, 11)),
     ((6, 10), 'D', (11, 11))],
 6: []}
2023-12-01 15:13:18,167 - INFO - mutual hamming weight matrix computed.
2023-12-01 15:13:18,944 - INFO - 3-Diversity min = 3
2023-12-01 15:13:18,944 - INFO - 3-Diverse LCS set:
{('ABADD', 'ABBEE', 'ABCFF'),
 ('ABADD', 'ABBFF', 'ABCEE'),
 ('ABADD', 'ABCEE', 'ABBFF'),
 ('ABADD', 'ABCFF', 'ABBEE'),
 ('ABAEE', 'ABBDD', 'ABCFF'),
 ('ABAEE', 'ABBFF', 'ABCDD'),
 ('ABAEE', 'ABCDD', 'ABBFF'),
 ('ABAEE', 'ABCFF', 'ABBDD'),
 ('ABAFF', 'ABBDD', 'ABCEE'),
 ('ABAFF', 'ABBEE', 'ABCDD'),
 ('ABAFF', 'ABCDD', 'ABBEE'),
 ('ABAFF', 'ABCEE', 'ABBDD'),
 ('ABBDD', 'ABAEE', 'ABCFF'),
 ('ABBDD', 'ABAFF', 'ABCEE'),
 ('ABBDD', 'ABCEE', 'ABAFF'),
 ('ABBDD', 'ABCFF', 'ABAEE'),
 ('ABBEE', 'ABADD', 'ABCFF'),
 ('ABBEE', 'ABAFF', 'ABCDD'),
 ('ABBEE', 'ABCDD', 'ABAFF'),
 ('ABBEE', 'ABCFF', 'ABADD'),
 ('ABBFF', 'ABADD', 'ABCEE'),
 ('ABBFF', 'ABAEE', 'ABCDD'),
 ('ABBFF', 'ABCDD', 'ABAEE'),
 ('ABBFF', 'ABCEE', 'ABADD'),
 ('ABCDD', 'ABAEE', 'ABBFF'),
 ('ABCDD', 'ABAFF', 'ABBEE'),
 ('ABCDD', 'ABBEE', 'ABAFF'),
 ('ABCDD', 'ABBFF', 'ABAEE'),
 ('ABCEE', 'ABADD', 'ABBFF'),
 ('ABCEE', 'ABAFF', 'ABBDD'),
 ('ABCEE', 'ABBDD', 'ABAFF'),
 ('ABCEE', 'ABBFF', 'ABADD'),
 ('ABCFF', 'ABADD', 'ABBEE'),
 ('ABCFF', 'ABAEE', 'ABBDD'),
 ('ABCFF', 'ABBDD', 'ABAEE'),
 ('ABCFF', 'ABBEE', 'ABADD')}
2023-12-01 15:13:18,946 - DEBUG - dfs(h=5, q_vec=((11, 11), (11, 11), (11, 11)))
2023-12-01 15:13:18,946 - DEBUG - dfs(h=4, q_vec=((10, 6), (8, 8), (6, 10)))
2023-12-01 15:13:18,946 - DEBUG - dfs(h=3, q_vec=((5, 3), (3, 5), (4, 4)))
2023-12-01 15:13:18,946 - DEBUG - dfs(h=2, q_vec=((4, 2), (2, 2), (2, 2)))
2023-12-01 15:13:18,947 - DEBUG - dfs(h=1, q_vec=((3, 1), (1, 1), (1, 1)))
2023-12-01 15:13:18,947 - DEBUG - dfs(h=0, q_vec=((0, 0), (0, 0), (0, 0)))
2023-12-01 15:13:18,947 - DEBUG - output: ['ABCFF', 'ABAEE', 'ABBDD']
2023-12-01 15:13:18,947 - DEBUG - dfs(h=1, q_vec=((1, 1), (1, 1), (1, 1)))
2023-12-01 15:13:18,947 - DEBUG - dfs(h=0, q_vec=((0, 0), (0, 0), (0, 0)))
2023-12-01 15:13:18,947 - DEBUG - output: ['ABCFF', 'ABAEE', 'ABBDD']
2023-12-01 15:13:18,947 - DEBUG - dfs(h=2, q_vec=((4, 2), (2, 4), (2, 2)))
2023-12-01 15:13:18,947 - DEBUG - dfs(h=1, q_vec=((3, 1), (1, 1), (1, 1)))
2023-12-01 15:13:18,947 - DEBUG - dfs(h=0, q_vec=((0, 0), (0, 0), (0, 0)))
2023-12-01 15:13:18,947 - DEBUG - output: ['ABCFF', 'ABAEE', 'ABBDD']
2023-12-01 15:13:18,947 - DEBUG - dfs(h=1, q_vec=((1, 1), (1, 1), (1, 1)))
2023-12-01 15:13:18,947 - DEBUG - dfs(h=0, q_vec=((0, 0), (0, 0), (0, 0)))
2023-12-01 15:13:18,947 - DEBUG - output: ['ABCFF', 'ABAEE', 'ABBDD']
2023-12-01 15:13:18,947 - DEBUG - dfs(h=2, q_vec=((2, 2), (2, 2), (2, 2)))
2023-12-01 15:13:18,947 - DEBUG - dfs(h=1, q_vec=((1, 1), (1, 1), (1, 1)))
2023-12-01 15:13:18,947 - DEBUG - dfs(h=0, q_vec=((0, 0), (0, 0), (0, 0)))
2023-12-01 15:13:18,947 - DEBUG - output: ['ABCFF', 'ABAEE', 'ABBDD']
2023-12-01 15:13:18,947 - DEBUG - dfs(h=2, q_vec=((2, 2), (2, 4), (2, 2)))
2023-12-01 15:13:18,947 - DEBUG - dfs(h=1, q_vec=((1, 1), (1, 1), (1, 1)))
2023-12-01 15:13:18,947 - DEBUG - dfs(h=0, q_vec=((0, 0), (0, 0), (0, 0)))
2023-12-01 15:13:18,947 - DEBUG - output: ['ABCFF', 'ABAEE', 'ABBDD']
2023-12-01 15:13:18,947 - DEBUG - dfs(h=3, q_vec=((5, 3), (4, 4), (3, 5)))
2023-12-01 15:13:18,947 - DEBUG - dfs(h=2, q_vec=((4, 2), (2, 2), (2, 2)))
2023-12-01 15:13:18,947 - DEBUG - dfs(h=1, q_vec=((3, 1), (1, 1), (1, 1)))
2023-12-01 15:13:18,947 - DEBUG - dfs(h=0, q_vec=((0, 0), (0, 0), (0, 0)))
2023-12-01 15:13:18,948 - DEBUG - output: ['ABCFF', 'ABBEE', 'ABADD']
2023-12-01 15:13:18,948 - DEBUG - dfs(h=1, q_vec=((1, 1), (1, 1), (1, 1)))
2023-12-01 15:13:18,948 - DEBUG - dfs(h=0, q_vec=((0, 0), (0, 0), (0, 0)))
2023-12-01 15:13:18,948 - DEBUG - output: ['ABCFF', 'ABBEE', 'ABADD']
2023-12-01 15:13:18,948 - DEBUG - dfs(h=2, q_vec=((4, 2), (2, 2), (2, 4)))
2023-12-01 15:13:18,948 - DEBUG - dfs(h=1, q_vec=((3, 1), (1, 1), (1, 1)))
2023-12-01 15:13:18,948 - DEBUG - dfs(h=0, q_vec=((0, 0), (0, 0), (0, 0)))
2023-12-01 15:13:18,948 - DEBUG - output: ['ABCFF', 'ABBEE', 'ABADD']
2023-12-01 15:13:18,948 - DEBUG - dfs(h=1, q_vec=((1, 1), (1, 1), (1, 1)))
2023-12-01 15:13:18,948 - DEBUG - dfs(h=0, q_vec=((0, 0), (0, 0), (0, 0)))
2023-12-01 15:13:18,948 - DEBUG - output: ['ABCFF', 'ABBEE', 'ABADD']
2023-12-01 15:13:18,948 - DEBUG - dfs(h=2, q_vec=((2, 2), (2, 2), (2, 2)))
2023-12-01 15:13:18,948 - DEBUG - dfs(h=1, q_vec=((1, 1), (1, 1), (1, 1)))
2023-12-01 15:13:18,948 - DEBUG - dfs(h=0, q_vec=((0, 0), (0, 0), (0, 0)))
2023-12-01 15:13:18,948 - DEBUG - output: ['ABCFF', 'ABBEE', 'ABADD']
2023-12-01 15:13:18,948 - DEBUG - dfs(h=2, q_vec=((2, 2), (2, 2), (2, 4)))
2023-12-01 15:13:18,948 - DEBUG - dfs(h=1, q_vec=((1, 1), (1, 1), (1, 1)))
2023-12-01 15:13:18,948 - DEBUG - dfs(h=0, q_vec=((0, 0), (0, 0), (0, 0)))
2023-12-01 15:13:18,948 - DEBUG - output: ['ABCFF', 'ABBEE', 'ABADD']
2023-12-01 15:13:18,948 - DEBUG - dfs(h=3, q_vec=((3, 5), (5, 3), (4, 4)))
2023-12-01 15:13:18,948 - DEBUG - dfs(h=2, q_vec=((2, 2), (4, 2), (2, 2)))
2023-12-01 15:13:18,948 - DEBUG - dfs(h=1, q_vec=((1, 1), (3, 1), (1, 1)))
2023-12-01 15:13:18,948 - DEBUG - dfs(h=0, q_vec=((0, 0), (0, 0), (0, 0)))
2023-12-01 15:13:18,948 - DEBUG - output: ['ABAFF', 'ABCEE', 'ABBDD']
2023-12-01 15:13:18,948 - DEBUG - dfs(h=1, q_vec=((1, 1), (1, 1), (1, 1)))
2023-12-01 15:13:18,948 - DEBUG - dfs(h=0, q_vec=((0, 0), (0, 0), (0, 0)))
2023-12-01 15:13:18,949 - DEBUG - output: ['ABAFF', 'ABCEE', 'ABBDD']
2023-12-01 15:13:18,949 - DEBUG - dfs(h=2, q_vec=((2, 2), (2, 2), (2, 2)))
2023-12-01 15:13:18,949 - DEBUG - dfs(h=1, q_vec=((1, 1), (1, 1), (1, 1)))
2023-12-01 15:13:18,949 - DEBUG - dfs(h=0, q_vec=((0, 0), (0, 0), (0, 0)))
2023-12-01 15:13:18,949 - DEBUG - output: ['ABAFF', 'ABCEE', 'ABBDD']
2023-12-01 15:13:18,949 - DEBUG - dfs(h=2, q_vec=((2, 4), (4, 2), (2, 2)))
2023-12-01 15:13:18,949 - DEBUG - dfs(h=1, q_vec=((1, 1), (3, 1), (1, 1)))
2023-12-01 15:13:18,949 - DEBUG - dfs(h=0, q_vec=((0, 0), (0, 0), (0, 0)))
2023-12-01 15:13:18,949 - DEBUG - output: ['ABAFF', 'ABCEE', 'ABBDD']
2023-12-01 15:13:18,949 - DEBUG - dfs(h=1, q_vec=((1, 1), (1, 1), (1, 1)))
2023-12-01 15:13:18,949 - DEBUG - dfs(h=0, q_vec=((0, 0), (0, 0), (0, 0)))
2023-12-01 15:13:18,949 - DEBUG - output: ['ABAFF', 'ABCEE', 'ABBDD']
2023-12-01 15:13:18,949 - DEBUG - dfs(h=2, q_vec=((2, 4), (2, 2), (2, 2)))
2023-12-01 15:13:18,949 - DEBUG - dfs(h=1, q_vec=((1, 1), (1, 1), (1, 1)))
2023-12-01 15:13:18,949 - DEBUG - dfs(h=0, q_vec=((0, 0), (0, 0), (0, 0)))
2023-12-01 15:13:18,949 - DEBUG - output: ['ABAFF', 'ABCEE', 'ABBDD']
2023-12-01 15:13:18,949 - DEBUG - dfs(h=3, q_vec=((3, 5), (4, 4), (5, 3)))
2023-12-01 15:13:18,949 - DEBUG - dfs(h=2, q_vec=((2, 2), (2, 2), (4, 2)))
2023-12-01 15:13:18,949 - DEBUG - dfs(h=1, q_vec=((1, 1), (1, 1), (3, 1)))
2023-12-01 15:13:18,949 - DEBUG - dfs(h=0, q_vec=((0, 0), (0, 0), (0, 0)))
2023-12-01 15:13:18,949 - DEBUG - output: ['ABAFF', 'ABBEE', 'ABCDD']
2023-12-01 15:13:18,949 - DEBUG - dfs(h=1, q_vec=((1, 1), (1, 1), (1, 1)))
2023-12-01 15:13:18,949 - DEBUG - dfs(h=0, q_vec=((0, 0), (0, 0), (0, 0)))
2023-12-01 15:13:18,949 - DEBUG - output: ['ABAFF', 'ABBEE', 'ABCDD']
2023-12-01 15:13:18,949 - DEBUG - dfs(h=2, q_vec=((2, 2), (2, 2), (2, 2)))
2023-12-01 15:13:18,949 - DEBUG - dfs(h=1, q_vec=((1, 1), (1, 1), (1, 1)))
2023-12-01 15:13:18,949 - DEBUG - dfs(h=0, q_vec=((0, 0), (0, 0), (0, 0)))
2023-12-01 15:13:18,950 - DEBUG - output: ['ABAFF', 'ABBEE', 'ABCDD']
2023-12-01 15:13:18,950 - DEBUG - dfs(h=2, q_vec=((2, 4), (2, 2), (4, 2)))
2023-12-01 15:13:18,950 - DEBUG - dfs(h=1, q_vec=((1, 1), (1, 1), (3, 1)))
2023-12-01 15:13:18,950 - DEBUG - dfs(h=0, q_vec=((0, 0), (0, 0), (0, 0)))
2023-12-01 15:13:18,950 - DEBUG - output: ['ABAFF', 'ABBEE', 'ABCDD']
2023-12-01 15:13:18,950 - DEBUG - dfs(h=1, q_vec=((1, 1), (1, 1), (1, 1)))
2023-12-01 15:13:18,950 - DEBUG - dfs(h=0, q_vec=((0, 0), (0, 0), (0, 0)))
2023-12-01 15:13:18,950 - DEBUG - output: ['ABAFF', 'ABBEE', 'ABCDD']
2023-12-01 15:13:18,950 - DEBUG - dfs(h=2, q_vec=((2, 4), (2, 2), (2, 2)))
2023-12-01 15:13:18,950 - DEBUG - dfs(h=1, q_vec=((1, 1), (1, 1), (1, 1)))
2023-12-01 15:13:18,950 - DEBUG - dfs(h=0, q_vec=((0, 0), (0, 0), (0, 0)))
2023-12-01 15:13:18,950 - DEBUG - output: ['ABAFF', 'ABBEE', 'ABCDD']
2023-12-01 15:13:18,950 - DEBUG - dfs(h=3, q_vec=((4, 4), (5, 3), (3, 5)))
2023-12-01 15:13:18,950 - DEBUG - dfs(h=2, q_vec=((2, 2), (4, 2), (2, 2)))
2023-12-01 15:13:18,950 - DEBUG - dfs(h=1, q_vec=((1, 1), (3, 1), (1, 1)))
2023-12-01 15:13:18,950 - DEBUG - dfs(h=0, q_vec=((0, 0), (0, 0), (0, 0)))
2023-12-01 15:13:18,950 - DEBUG - output: ['ABBFF', 'ABCEE', 'ABADD']
2023-12-01 15:13:18,950 - DEBUG - dfs(h=1, q_vec=((1, 1), (1, 1), (1, 1)))
2023-12-01 15:13:18,950 - DEBUG - dfs(h=0, q_vec=((0, 0), (0, 0), (0, 0)))
2023-12-01 15:13:18,950 - DEBUG - output: ['ABBFF', 'ABCEE', 'ABADD']
2023-12-01 15:13:18,950 - DEBUG - dfs(h=2, q_vec=((2, 2), (4, 2), (2, 4)))
2023-12-01 15:13:18,950 - DEBUG - dfs(h=1, q_vec=((1, 1), (3, 1), (1, 1)))
2023-12-01 15:13:18,950 - DEBUG - dfs(h=0, q_vec=((0, 0), (0, 0), (0, 0)))
2023-12-01 15:13:18,950 - DEBUG - output: ['ABBFF', 'ABCEE', 'ABADD']
2023-12-01 15:13:18,950 - DEBUG - dfs(h=1, q_vec=((1, 1), (1, 1), (1, 1)))
2023-12-01 15:13:18,950 - DEBUG - dfs(h=0, q_vec=((0, 0), (0, 0), (0, 0)))
2023-12-01 15:13:18,950 - DEBUG - output: ['ABBFF', 'ABCEE', 'ABADD']
2023-12-01 15:13:18,950 - DEBUG - dfs(h=2, q_vec=((2, 2), (2, 2), (2, 2)))
2023-12-01 15:13:18,951 - DEBUG - dfs(h=1, q_vec=((1, 1), (1, 1), (1, 1)))
2023-12-01 15:13:18,951 - DEBUG - dfs(h=0, q_vec=((0, 0), (0, 0), (0, 0)))
2023-12-01 15:13:18,951 - DEBUG - output: ['ABBFF', 'ABCEE', 'ABADD']
2023-12-01 15:13:18,951 - DEBUG - dfs(h=2, q_vec=((2, 2), (2, 2), (2, 4)))
2023-12-01 15:13:18,951 - DEBUG - dfs(h=1, q_vec=((1, 1), (1, 1), (1, 1)))
2023-12-01 15:13:18,951 - DEBUG - dfs(h=0, q_vec=((0, 0), (0, 0), (0, 0)))
2023-12-01 15:13:18,951 - DEBUG - output: ['ABBFF', 'ABCEE', 'ABADD']
2023-12-01 15:13:18,951 - DEBUG - dfs(h=3, q_vec=((4, 4), (3, 5), (5, 3)))
2023-12-01 15:13:18,951 - DEBUG - dfs(h=2, q_vec=((2, 2), (2, 2), (4, 2)))
2023-12-01 15:13:18,951 - DEBUG - dfs(h=1, q_vec=((1, 1), (1, 1), (3, 1)))
2023-12-01 15:13:18,951 - DEBUG - dfs(h=0, q_vec=((0, 0), (0, 0), (0, 0)))
2023-12-01 15:13:18,951 - DEBUG - output: ['ABBFF', 'ABAEE', 'ABCDD']
2023-12-01 15:13:18,951 - DEBUG - dfs(h=1, q_vec=((1, 1), (1, 1), (1, 1)))
2023-12-01 15:13:18,951 - DEBUG - dfs(h=0, q_vec=((0, 0), (0, 0), (0, 0)))
2023-12-01 15:13:18,951 - DEBUG - output: ['ABBFF', 'ABAEE', 'ABCDD']
2023-12-01 15:13:18,951 - DEBUG - dfs(h=2, q_vec=((2, 2), (2, 2), (2, 2)))
2023-12-01 15:13:18,951 - DEBUG - dfs(h=1, q_vec=((1, 1), (1, 1), (1, 1)))
2023-12-01 15:13:18,951 - DEBUG - dfs(h=0, q_vec=((0, 0), (0, 0), (0, 0)))
2023-12-01 15:13:18,951 - DEBUG - output: ['ABBFF', 'ABAEE', 'ABCDD']
2023-12-01 15:13:18,951 - DEBUG - dfs(h=2, q_vec=((2, 2), (2, 4), (4, 2)))
2023-12-01 15:13:18,951 - DEBUG - dfs(h=1, q_vec=((1, 1), (1, 1), (3, 1)))
2023-12-01 15:13:18,951 - DEBUG - dfs(h=0, q_vec=((0, 0), (0, 0), (0, 0)))
2023-12-01 15:13:18,951 - DEBUG - output: ['ABBFF', 'ABAEE', 'ABCDD']
2023-12-01 15:13:18,951 - DEBUG - dfs(h=1, q_vec=((1, 1), (1, 1), (1, 1)))
2023-12-01 15:13:18,951 - DEBUG - dfs(h=0, q_vec=((0, 0), (0, 0), (0, 0)))
2023-12-01 15:13:18,951 - DEBUG - output: ['ABBFF', 'ABAEE', 'ABCDD']
2023-12-01 15:13:18,951 - DEBUG - dfs(h=2, q_vec=((2, 2), (2, 4), (2, 2)))
2023-12-01 15:13:18,951 - DEBUG - dfs(h=1, q_vec=((1, 1), (1, 1), (1, 1)))
2023-12-01 15:13:18,952 - DEBUG - dfs(h=0, q_vec=((0, 0), (0, 0), (0, 0)))
2023-12-01 15:13:18,952 - DEBUG - output: ['ABBFF', 'ABAEE', 'ABCDD']
2023-12-01 15:13:18,952 - DEBUG - dfs(h=4, q_vec=((10, 6), (6, 10), (8, 8)))
2023-12-01 15:13:18,952 - DEBUG - dfs(h=3, q_vec=((5, 3), (3, 5), (4, 4)))
2023-12-01 15:13:18,952 - DEBUG - dfs(h=2, q_vec=((4, 2), (2, 2), (2, 2)))
2023-12-01 15:13:18,952 - DEBUG - dfs(h=1, q_vec=((3, 1), (1, 1), (1, 1)))
2023-12-01 15:13:18,952 - DEBUG - dfs(h=0, q_vec=((0, 0), (0, 0), (0, 0)))
2023-12-01 15:13:18,952 - DEBUG - output: ['ABCFF', 'ABADD', 'ABBEE']
2023-12-01 15:13:18,952 - DEBUG - dfs(h=1, q_vec=((1, 1), (1, 1), (1, 1)))
2023-12-01 15:13:18,952 - DEBUG - dfs(h=0, q_vec=((0, 0), (0, 0), (0, 0)))
2023-12-01 15:13:18,952 - DEBUG - output: ['ABCFF', 'ABADD', 'ABBEE']
2023-12-01 15:13:18,952 - DEBUG - dfs(h=2, q_vec=((4, 2), (2, 4), (2, 2)))
2023-12-01 15:13:18,952 - DEBUG - dfs(h=1, q_vec=((3, 1), (1, 1), (1, 1)))
2023-12-01 15:13:18,952 - DEBUG - dfs(h=0, q_vec=((0, 0), (0, 0), (0, 0)))
2023-12-01 15:13:18,952 - DEBUG - output: ['ABCFF', 'ABADD', 'ABBEE']
2023-12-01 15:13:18,952 - DEBUG - dfs(h=1, q_vec=((1, 1), (1, 1), (1, 1)))
2023-12-01 15:13:18,952 - DEBUG - dfs(h=0, q_vec=((0, 0), (0, 0), (0, 0)))
2023-12-01 15:13:18,952 - DEBUG - output: ['ABCFF', 'ABADD', 'ABBEE']
2023-12-01 15:13:18,952 - DEBUG - dfs(h=2, q_vec=((2, 2), (2, 2), (2, 2)))
2023-12-01 15:13:18,952 - DEBUG - dfs(h=1, q_vec=((1, 1), (1, 1), (1, 1)))
2023-12-01 15:13:18,952 - DEBUG - dfs(h=0, q_vec=((0, 0), (0, 0), (0, 0)))
2023-12-01 15:13:18,952 - DEBUG - output: ['ABCFF', 'ABADD', 'ABBEE']
2023-12-01 15:13:18,952 - DEBUG - dfs(h=2, q_vec=((2, 2), (2, 4), (2, 2)))
2023-12-01 15:13:18,952 - DEBUG - dfs(h=1, q_vec=((1, 1), (1, 1), (1, 1)))
2023-12-01 15:13:18,952 - DEBUG - dfs(h=0, q_vec=((0, 0), (0, 0), (0, 0)))
2023-12-01 15:13:18,952 - DEBUG - output: ['ABCFF', 'ABADD', 'ABBEE']
2023-12-01 15:13:18,952 - DEBUG - dfs(h=3, q_vec=((5, 3), (4, 4), (3, 5)))
2023-12-01 15:13:18,952 - DEBUG - dfs(h=2, q_vec=((4, 2), (2, 2), (2, 2)))
2023-12-01 15:13:18,952 - DEBUG - dfs(h=1, q_vec=((3, 1), (1, 1), (1, 1)))
2023-12-01 15:13:18,953 - DEBUG - dfs(h=0, q_vec=((0, 0), (0, 0), (0, 0)))
2023-12-01 15:13:18,953 - DEBUG - output: ['ABCFF', 'ABBDD', 'ABAEE']
2023-12-01 15:13:18,953 - DEBUG - dfs(h=1, q_vec=((1, 1), (1, 1), (1, 1)))
2023-12-01 15:13:18,953 - DEBUG - dfs(h=0, q_vec=((0, 0), (0, 0), (0, 0)))
2023-12-01 15:13:18,953 - DEBUG - output: ['ABCFF', 'ABBDD', 'ABAEE']
2023-12-01 15:13:18,953 - DEBUG - dfs(h=2, q_vec=((4, 2), (2, 2), (2, 4)))
2023-12-01 15:13:18,953 - DEBUG - dfs(h=1, q_vec=((3, 1), (1, 1), (1, 1)))
2023-12-01 15:13:18,953 - DEBUG - dfs(h=0, q_vec=((0, 0), (0, 0), (0, 0)))
2023-12-01 15:13:18,953 - DEBUG - output: ['ABCFF', 'ABBDD', 'ABAEE']
2023-12-01 15:13:18,953 - DEBUG - dfs(h=1, q_vec=((1, 1), (1, 1), (1, 1)))
2023-12-01 15:13:18,953 - DEBUG - dfs(h=0, q_vec=((0, 0), (0, 0), (0, 0)))
2023-12-01 15:13:18,953 - DEBUG - output: ['ABCFF', 'ABBDD', 'ABAEE']
2023-12-01 15:13:18,953 - DEBUG - dfs(h=2, q_vec=((2, 2), (2, 2), (2, 2)))
2023-12-01 15:13:18,953 - DEBUG - dfs(h=1, q_vec=((1, 1), (1, 1), (1, 1)))
2023-12-01 15:13:18,953 - DEBUG - dfs(h=0, q_vec=((0, 0), (0, 0), (0, 0)))
2023-12-01 15:13:18,953 - DEBUG - output: ['ABCFF', 'ABBDD', 'ABAEE']
2023-12-01 15:13:18,953 - DEBUG - dfs(h=2, q_vec=((2, 2), (2, 2), (2, 4)))
2023-12-01 15:13:18,953 - DEBUG - dfs(h=1, q_vec=((1, 1), (1, 1), (1, 1)))
2023-12-01 15:13:18,953 - DEBUG - dfs(h=0, q_vec=((0, 0), (0, 0), (0, 0)))
2023-12-01 15:13:18,953 - DEBUG - output: ['ABCFF', 'ABBDD', 'ABAEE']
2023-12-01 15:13:18,953 - DEBUG - dfs(h=3, q_vec=((3, 5), (5, 3), (4, 4)))
2023-12-01 15:13:18,953 - DEBUG - dfs(h=2, q_vec=((2, 2), (4, 2), (2, 2)))
2023-12-01 15:13:18,953 - DEBUG - dfs(h=1, q_vec=((1, 1), (3, 1), (1, 1)))
2023-12-01 15:13:18,953 - DEBUG - dfs(h=0, q_vec=((0, 0), (0, 0), (0, 0)))
2023-12-01 15:13:18,953 - DEBUG - output: ['ABAFF', 'ABCDD', 'ABBEE']
2023-12-01 15:13:18,953 - DEBUG - dfs(h=1, q_vec=((1, 1), (1, 1), (1, 1)))
2023-12-01 15:13:18,953 - DEBUG - dfs(h=0, q_vec=((0, 0), (0, 0), (0, 0)))
2023-12-01 15:13:18,953 - DEBUG - output: ['ABAFF', 'ABCDD', 'ABBEE']
2023-12-01 15:13:18,954 - DEBUG - dfs(h=2, q_vec=((2, 2), (2, 2), (2, 2)))
2023-12-01 15:13:18,954 - DEBUG - dfs(h=1, q_vec=((1, 1), (1, 1), (1, 1)))
2023-12-01 15:13:18,954 - DEBUG - dfs(h=0, q_vec=((0, 0), (0, 0), (0, 0)))
2023-12-01 15:13:18,954 - DEBUG - output: ['ABAFF', 'ABCDD', 'ABBEE']
2023-12-01 15:13:18,954 - DEBUG - dfs(h=2, q_vec=((2, 4), (4, 2), (2, 2)))
2023-12-01 15:13:18,954 - DEBUG - dfs(h=1, q_vec=((1, 1), (3, 1), (1, 1)))
2023-12-01 15:13:18,954 - DEBUG - dfs(h=0, q_vec=((0, 0), (0, 0), (0, 0)))
2023-12-01 15:13:18,954 - DEBUG - output: ['ABAFF', 'ABCDD', 'ABBEE']
2023-12-01 15:13:18,954 - DEBUG - dfs(h=1, q_vec=((1, 1), (1, 1), (1, 1)))
2023-12-01 15:13:18,954 - DEBUG - dfs(h=0, q_vec=((0, 0), (0, 0), (0, 0)))
2023-12-01 15:13:18,954 - DEBUG - output: ['ABAFF', 'ABCDD', 'ABBEE']
2023-12-01 15:13:18,954 - DEBUG - dfs(h=2, q_vec=((2, 4), (2, 2), (2, 2)))
2023-12-01 15:13:18,954 - DEBUG - dfs(h=1, q_vec=((1, 1), (1, 1), (1, 1)))
2023-12-01 15:13:18,954 - DEBUG - dfs(h=0, q_vec=((0, 0), (0, 0), (0, 0)))
2023-12-01 15:13:18,954 - DEBUG - output: ['ABAFF', 'ABCDD', 'ABBEE']
2023-12-01 15:13:18,954 - DEBUG - dfs(h=3, q_vec=((3, 5), (4, 4), (5, 3)))
2023-12-01 15:13:18,954 - DEBUG - dfs(h=2, q_vec=((2, 2), (2, 2), (4, 2)))
2023-12-01 15:13:18,954 - DEBUG - dfs(h=1, q_vec=((1, 1), (1, 1), (3, 1)))
2023-12-01 15:13:18,954 - DEBUG - dfs(h=0, q_vec=((0, 0), (0, 0), (0, 0)))
2023-12-01 15:13:18,954 - DEBUG - output: ['ABAFF', 'ABBDD', 'ABCEE']
2023-12-01 15:13:18,954 - DEBUG - dfs(h=1, q_vec=((1, 1), (1, 1), (1, 1)))
2023-12-01 15:13:18,954 - DEBUG - dfs(h=0, q_vec=((0, 0), (0, 0), (0, 0)))
2023-12-01 15:13:18,954 - DEBUG - output: ['ABAFF', 'ABBDD', 'ABCEE']
2023-12-01 15:13:18,954 - DEBUG - dfs(h=2, q_vec=((2, 2), (2, 2), (2, 2)))
2023-12-01 15:13:18,954 - DEBUG - dfs(h=1, q_vec=((1, 1), (1, 1), (1, 1)))
2023-12-01 15:13:18,954 - DEBUG - dfs(h=0, q_vec=((0, 0), (0, 0), (0, 0)))
2023-12-01 15:13:18,954 - DEBUG - output: ['ABAFF', 'ABBDD', 'ABCEE']
2023-12-01 15:13:18,954 - DEBUG - dfs(h=2, q_vec=((2, 4), (2, 2), (4, 2)))
2023-12-01 15:13:18,954 - DEBUG - dfs(h=1, q_vec=((1, 1), (1, 1), (3, 1)))
2023-12-01 15:13:18,955 - DEBUG - dfs(h=0, q_vec=((0, 0), (0, 0), (0, 0)))
2023-12-01 15:13:18,955 - DEBUG - output: ['ABAFF', 'ABBDD', 'ABCEE']
2023-12-01 15:13:18,955 - DEBUG - dfs(h=1, q_vec=((1, 1), (1, 1), (1, 1)))
2023-12-01 15:13:18,955 - DEBUG - dfs(h=0, q_vec=((0, 0), (0, 0), (0, 0)))
2023-12-01 15:13:18,955 - DEBUG - output: ['ABAFF', 'ABBDD', 'ABCEE']
2023-12-01 15:13:18,955 - DEBUG - dfs(h=2, q_vec=((2, 4), (2, 2), (2, 2)))
2023-12-01 15:13:18,955 - DEBUG - dfs(h=1, q_vec=((1, 1), (1, 1), (1, 1)))
2023-12-01 15:13:18,955 - DEBUG - dfs(h=0, q_vec=((0, 0), (0, 0), (0, 0)))
2023-12-01 15:13:18,955 - DEBUG - output: ['ABAFF', 'ABBDD', 'ABCEE']
2023-12-01 15:13:18,955 - DEBUG - dfs(h=3, q_vec=((4, 4), (5, 3), (3, 5)))
2023-12-01 15:13:18,955 - DEBUG - dfs(h=2, q_vec=((2, 2), (4, 2), (2, 2)))
2023-12-01 15:13:18,955 - DEBUG - dfs(h=1, q_vec=((1, 1), (3, 1), (1, 1)))
2023-12-01 15:13:18,955 - DEBUG - dfs(h=0, q_vec=((0, 0), (0, 0), (0, 0)))
2023-12-01 15:13:18,955 - DEBUG - output: ['ABBFF', 'ABCDD', 'ABAEE']
2023-12-01 15:13:18,955 - DEBUG - dfs(h=1, q_vec=((1, 1), (1, 1), (1, 1)))
2023-12-01 15:13:18,955 - DEBUG - dfs(h=0, q_vec=((0, 0), (0, 0), (0, 0)))
2023-12-01 15:13:18,955 - DEBUG - output: ['ABBFF', 'ABCDD', 'ABAEE']
2023-12-01 15:13:18,955 - DEBUG - dfs(h=2, q_vec=((2, 2), (4, 2), (2, 4)))
2023-12-01 15:13:18,955 - DEBUG - dfs(h=1, q_vec=((1, 1), (3, 1), (1, 1)))
2023-12-01 15:13:18,955 - DEBUG - dfs(h=0, q_vec=((0, 0), (0, 0), (0, 0)))
2023-12-01 15:13:18,955 - DEBUG - output: ['ABBFF', 'ABCDD', 'ABAEE']
2023-12-01 15:13:18,955 - DEBUG - dfs(h=1, q_vec=((1, 1), (1, 1), (1, 1)))
2023-12-01 15:13:18,955 - DEBUG - dfs(h=0, q_vec=((0, 0), (0, 0), (0, 0)))
2023-12-01 15:13:18,955 - DEBUG - output: ['ABBFF', 'ABCDD', 'ABAEE']
2023-12-01 15:13:18,955 - DEBUG - dfs(h=2, q_vec=((2, 2), (2, 2), (2, 2)))
2023-12-01 15:13:18,955 - DEBUG - dfs(h=1, q_vec=((1, 1), (1, 1), (1, 1)))
2023-12-01 15:13:18,955 - DEBUG - dfs(h=0, q_vec=((0, 0), (0, 0), (0, 0)))
2023-12-01 15:13:18,955 - DEBUG - output: ['ABBFF', 'ABCDD', 'ABAEE']
2023-12-01 15:13:18,955 - DEBUG - dfs(h=2, q_vec=((2, 2), (2, 2), (2, 4)))
2023-12-01 15:13:18,955 - DEBUG - dfs(h=1, q_vec=((1, 1), (1, 1), (1, 1)))
2023-12-01 15:13:18,956 - DEBUG - dfs(h=0, q_vec=((0, 0), (0, 0), (0, 0)))
2023-12-01 15:13:18,956 - DEBUG - output: ['ABBFF', 'ABCDD', 'ABAEE']
2023-12-01 15:13:18,956 - DEBUG - dfs(h=3, q_vec=((4, 4), (3, 5), (5, 3)))
2023-12-01 15:13:18,956 - DEBUG - dfs(h=2, q_vec=((2, 2), (2, 2), (4, 2)))
2023-12-01 15:13:18,956 - DEBUG - dfs(h=1, q_vec=((1, 1), (1, 1), (3, 1)))
2023-12-01 15:13:18,956 - DEBUG - dfs(h=0, q_vec=((0, 0), (0, 0), (0, 0)))
2023-12-01 15:13:18,956 - DEBUG - output: ['ABBFF', 'ABADD', 'ABCEE']
2023-12-01 15:13:18,956 - DEBUG - dfs(h=1, q_vec=((1, 1), (1, 1), (1, 1)))
2023-12-01 15:13:18,956 - DEBUG - dfs(h=0, q_vec=((0, 0), (0, 0), (0, 0)))
2023-12-01 15:13:18,956 - DEBUG - output: ['ABBFF', 'ABADD', 'ABCEE']
2023-12-01 15:13:18,956 - DEBUG - dfs(h=2, q_vec=((2, 2), (2, 2), (2, 2)))
2023-12-01 15:13:18,956 - DEBUG - dfs(h=1, q_vec=((1, 1), (1, 1), (1, 1)))
2023-12-01 15:13:18,956 - DEBUG - dfs(h=0, q_vec=((0, 0), (0, 0), (0, 0)))
2023-12-01 15:13:18,956 - DEBUG - output: ['ABBFF', 'ABADD', 'ABCEE']
2023-12-01 15:13:18,956 - DEBUG - dfs(h=2, q_vec=((2, 2), (2, 4), (4, 2)))
2023-12-01 15:13:18,956 - DEBUG - dfs(h=1, q_vec=((1, 1), (1, 1), (3, 1)))
2023-12-01 15:13:18,956 - DEBUG - dfs(h=0, q_vec=((0, 0), (0, 0), (0, 0)))
2023-12-01 15:13:18,956 - DEBUG - output: ['ABBFF', 'ABADD', 'ABCEE']
2023-12-01 15:13:18,956 - DEBUG - dfs(h=1, q_vec=((1, 1), (1, 1), (1, 1)))
2023-12-01 15:13:18,956 - DEBUG - dfs(h=0, q_vec=((0, 0), (0, 0), (0, 0)))
2023-12-01 15:13:18,956 - DEBUG - output: ['ABBFF', 'ABADD', 'ABCEE']
2023-12-01 15:13:18,956 - DEBUG - dfs(h=2, q_vec=((2, 2), (2, 4), (2, 2)))
2023-12-01 15:13:18,957 - DEBUG - dfs(h=1, q_vec=((1, 1), (1, 1), (1, 1)))
2023-12-01 15:13:18,957 - DEBUG - dfs(h=0, q_vec=((0, 0), (0, 0), (0, 0)))
2023-12-01 15:13:18,957 - DEBUG - output: ['ABBFF', 'ABADD', 'ABCEE']
2023-12-01 15:13:18,957 - DEBUG - dfs(h=4, q_vec=((8, 8), (10, 6), (6, 10)))
2023-12-01 15:13:18,957 - DEBUG - dfs(h=3, q_vec=((5, 3), (3, 5), (4, 4)))
2023-12-01 15:13:18,957 - DEBUG - dfs(h=2, q_vec=((4, 2), (2, 2), (2, 2)))
2023-12-01 15:13:18,957 - DEBUG - dfs(h=1, q_vec=((3, 1), (1, 1), (1, 1)))
2023-12-01 15:13:18,957 - DEBUG - dfs(h=0, q_vec=((0, 0), (0, 0), (0, 0)))
2023-12-01 15:13:18,957 - DEBUG - output: ['ABCEE', 'ABAFF', 'ABBDD']
2023-12-01 15:13:18,957 - DEBUG - dfs(h=1, q_vec=((1, 1), (1, 1), (1, 1)))
2023-12-01 15:13:18,957 - DEBUG - dfs(h=0, q_vec=((0, 0), (0, 0), (0, 0)))
2023-12-01 15:13:18,957 - DEBUG - output: ['ABCEE', 'ABAFF', 'ABBDD']
2023-12-01 15:13:18,957 - DEBUG - dfs(h=2, q_vec=((4, 2), (2, 4), (2, 2)))
2023-12-01 15:13:18,957 - DEBUG - dfs(h=1, q_vec=((3, 1), (1, 1), (1, 1)))
2023-12-01 15:13:18,957 - DEBUG - dfs(h=0, q_vec=((0, 0), (0, 0), (0, 0)))
2023-12-01 15:13:18,957 - DEBUG - output: ['ABCEE', 'ABAFF', 'ABBDD']
2023-12-01 15:13:18,957 - DEBUG - dfs(h=1, q_vec=((1, 1), (1, 1), (1, 1)))
2023-12-01 15:13:18,957 - DEBUG - dfs(h=0, q_vec=((0, 0), (0, 0), (0, 0)))
2023-12-01 15:13:18,957 - DEBUG - output: ['ABCEE', 'ABAFF', 'ABBDD']
2023-12-01 15:13:18,957 - DEBUG - dfs(h=2, q_vec=((2, 2), (2, 2), (2, 2)))
2023-12-01 15:13:18,957 - DEBUG - dfs(h=1, q_vec=((1, 1), (1, 1), (1, 1)))
2023-12-01 15:13:18,957 - DEBUG - dfs(h=0, q_vec=((0, 0), (0, 0), (0, 0)))
2023-12-01 15:13:18,957 - DEBUG - output: ['ABCEE', 'ABAFF', 'ABBDD']
2023-12-01 15:13:18,957 - DEBUG - dfs(h=2, q_vec=((2, 2), (2, 4), (2, 2)))
2023-12-01 15:13:18,957 - DEBUG - dfs(h=1, q_vec=((1, 1), (1, 1), (1, 1)))
2023-12-01 15:13:18,957 - DEBUG - dfs(h=0, q_vec=((0, 0), (0, 0), (0, 0)))
2023-12-01 15:13:18,957 - DEBUG - output: ['ABCEE', 'ABAFF', 'ABBDD']
2023-12-01 15:13:18,957 - DEBUG - dfs(h=3, q_vec=((5, 3), (4, 4), (3, 5)))
2023-12-01 15:13:18,957 - DEBUG - dfs(h=2, q_vec=((4, 2), (2, 2), (2, 2)))
2023-12-01 15:13:18,958 - DEBUG - dfs(h=1, q_vec=((3, 1), (1, 1), (1, 1)))
2023-12-01 15:13:18,958 - DEBUG - dfs(h=0, q_vec=((0, 0), (0, 0), (0, 0)))
2023-12-01 15:13:18,958 - DEBUG - output: ['ABCEE', 'ABBFF', 'ABADD']
2023-12-01 15:13:18,958 - DEBUG - dfs(h=1, q_vec=((1, 1), (1, 1), (1, 1)))
2023-12-01 15:13:18,958 - DEBUG - dfs(h=0, q_vec=((0, 0), (0, 0), (0, 0)))
2023-12-01 15:13:18,958 - DEBUG - output: ['ABCEE', 'ABBFF', 'ABADD']
2023-12-01 15:13:18,958 - DEBUG - dfs(h=2, q_vec=((4, 2), (2, 2), (2, 4)))
2023-12-01 15:13:18,958 - DEBUG - dfs(h=1, q_vec=((3, 1), (1, 1), (1, 1)))
2023-12-01 15:13:18,958 - DEBUG - dfs(h=0, q_vec=((0, 0), (0, 0), (0, 0)))
2023-12-01 15:13:18,958 - DEBUG - output: ['ABCEE', 'ABBFF', 'ABADD']
2023-12-01 15:13:18,958 - DEBUG - dfs(h=1, q_vec=((1, 1), (1, 1), (1, 1)))
2023-12-01 15:13:18,958 - DEBUG - dfs(h=0, q_vec=((0, 0), (0, 0), (0, 0)))
2023-12-01 15:13:18,958 - DEBUG - output: ['ABCEE', 'ABBFF', 'ABADD']
2023-12-01 15:13:18,958 - DEBUG - dfs(h=2, q_vec=((2, 2), (2, 2), (2, 2)))
2023-12-01 15:13:18,958 - DEBUG - dfs(h=1, q_vec=((1, 1), (1, 1), (1, 1)))
2023-12-01 15:13:18,958 - DEBUG - dfs(h=0, q_vec=((0, 0), (0, 0), (0, 0)))
2023-12-01 15:13:18,958 - DEBUG - output: ['ABCEE', 'ABBFF', 'ABADD']
2023-12-01 15:13:18,958 - DEBUG - dfs(h=2, q_vec=((2, 2), (2, 2), (2, 4)))
2023-12-01 15:13:18,958 - DEBUG - dfs(h=1, q_vec=((1, 1), (1, 1), (1, 1)))
2023-12-01 15:13:18,958 - DEBUG - dfs(h=0, q_vec=((0, 0), (0, 0), (0, 0)))
2023-12-01 15:13:18,958 - DEBUG - output: ['ABCEE', 'ABBFF', 'ABADD']
2023-12-01 15:13:18,958 - DEBUG - dfs(h=3, q_vec=((3, 5), (5, 3), (4, 4)))
2023-12-01 15:13:18,958 - DEBUG - dfs(h=2, q_vec=((2, 2), (4, 2), (2, 2)))
2023-12-01 15:13:18,959 - DEBUG - dfs(h=1, q_vec=((1, 1), (3, 1), (1, 1)))
2023-12-01 15:13:18,959 - DEBUG - dfs(h=0, q_vec=((0, 0), (0, 0), (0, 0)))
2023-12-01 15:13:18,959 - DEBUG - output: ['ABAEE', 'ABCFF', 'ABBDD']
2023-12-01 15:13:18,959 - DEBUG - dfs(h=1, q_vec=((1, 1), (1, 1), (1, 1)))
2023-12-01 15:13:18,959 - DEBUG - dfs(h=0, q_vec=((0, 0), (0, 0), (0, 0)))
2023-12-01 15:13:18,959 - DEBUG - output: ['ABAEE', 'ABCFF', 'ABBDD']
2023-12-01 15:13:18,959 - DEBUG - dfs(h=2, q_vec=((2, 2), (2, 2), (2, 2)))
2023-12-01 15:13:18,959 - DEBUG - dfs(h=1, q_vec=((1, 1), (1, 1), (1, 1)))
2023-12-01 15:13:18,959 - DEBUG - dfs(h=0, q_vec=((0, 0), (0, 0), (0, 0)))
2023-12-01 15:13:18,959 - DEBUG - output: ['ABAEE', 'ABCFF', 'ABBDD']
2023-12-01 15:13:18,959 - DEBUG - dfs(h=2, q_vec=((2, 4), (4, 2), (2, 2)))
2023-12-01 15:13:18,959 - DEBUG - dfs(h=1, q_vec=((1, 1), (3, 1), (1, 1)))
2023-12-01 15:13:18,959 - DEBUG - dfs(h=0, q_vec=((0, 0), (0, 0), (0, 0)))
2023-12-01 15:13:18,959 - DEBUG - output: ['ABAEE', 'ABCFF', 'ABBDD']
2023-12-01 15:13:18,959 - DEBUG - dfs(h=1, q_vec=((1, 1), (1, 1), (1, 1)))
2023-12-01 15:13:18,959 - DEBUG - dfs(h=0, q_vec=((0, 0), (0, 0), (0, 0)))
2023-12-01 15:13:18,959 - DEBUG - output: ['ABAEE', 'ABCFF', 'ABBDD']
2023-12-01 15:13:18,960 - DEBUG - dfs(h=2, q_vec=((2, 4), (2, 2), (2, 2)))
2023-12-01 15:13:18,960 - DEBUG - dfs(h=1, q_vec=((1, 1), (1, 1), (1, 1)))
2023-12-01 15:13:18,960 - DEBUG - dfs(h=0, q_vec=((0, 0), (0, 0), (0, 0)))
2023-12-01 15:13:18,960 - DEBUG - output: ['ABAEE', 'ABCFF', 'ABBDD']
2023-12-01 15:13:18,960 - DEBUG - dfs(h=3, q_vec=((3, 5), (4, 4), (5, 3)))
2023-12-01 15:13:18,960 - DEBUG - dfs(h=2, q_vec=((2, 2), (2, 2), (4, 2)))
2023-12-01 15:13:18,960 - DEBUG - dfs(h=1, q_vec=((1, 1), (1, 1), (3, 1)))
2023-12-01 15:13:18,960 - DEBUG - dfs(h=0, q_vec=((0, 0), (0, 0), (0, 0)))
2023-12-01 15:13:18,960 - DEBUG - output: ['ABAEE', 'ABBFF', 'ABCDD']
2023-12-01 15:13:18,960 - DEBUG - dfs(h=1, q_vec=((1, 1), (1, 1), (1, 1)))
2023-12-01 15:13:18,960 - DEBUG - dfs(h=0, q_vec=((0, 0), (0, 0), (0, 0)))
2023-12-01 15:13:18,960 - DEBUG - output: ['ABAEE', 'ABBFF', 'ABCDD']
2023-12-01 15:13:18,960 - DEBUG - dfs(h=2, q_vec=((2, 2), (2, 2), (2, 2)))
2023-12-01 15:13:18,960 - DEBUG - dfs(h=1, q_vec=((1, 1), (1, 1), (1, 1)))
2023-12-01 15:13:18,960 - DEBUG - dfs(h=0, q_vec=((0, 0), (0, 0), (0, 0)))
2023-12-01 15:13:18,960 - DEBUG - output: ['ABAEE', 'ABBFF', 'ABCDD']
2023-12-01 15:13:18,960 - DEBUG - dfs(h=2, q_vec=((2, 4), (2, 2), (4, 2)))
2023-12-01 15:13:18,960 - DEBUG - dfs(h=1, q_vec=((1, 1), (1, 1), (3, 1)))
2023-12-01 15:13:18,960 - DEBUG - dfs(h=0, q_vec=((0, 0), (0, 0), (0, 0)))
2023-12-01 15:13:18,960 - DEBUG - output: ['ABAEE', 'ABBFF', 'ABCDD']
2023-12-01 15:13:18,960 - DEBUG - dfs(h=1, q_vec=((1, 1), (1, 1), (1, 1)))
2023-12-01 15:13:18,960 - DEBUG - dfs(h=0, q_vec=((0, 0), (0, 0), (0, 0)))
2023-12-01 15:13:18,960 - DEBUG - output: ['ABAEE', 'ABBFF', 'ABCDD']
2023-12-01 15:13:18,960 - DEBUG - dfs(h=2, q_vec=((2, 4), (2, 2), (2, 2)))
2023-12-01 15:13:18,960 - DEBUG - dfs(h=1, q_vec=((1, 1), (1, 1), (1, 1)))
2023-12-01 15:13:18,960 - DEBUG - dfs(h=0, q_vec=((0, 0), (0, 0), (0, 0)))
2023-12-01 15:13:18,960 - DEBUG - output: ['ABAEE', 'ABBFF', 'ABCDD']
2023-12-01 15:13:18,960 - DEBUG - dfs(h=3, q_vec=((4, 4), (5, 3), (3, 5)))
2023-12-01 15:13:18,961 - DEBUG - dfs(h=2, q_vec=((2, 2), (4, 2), (2, 2)))
2023-12-01 15:13:18,961 - DEBUG - dfs(h=1, q_vec=((1, 1), (3, 1), (1, 1)))
2023-12-01 15:13:18,961 - DEBUG - dfs(h=0, q_vec=((0, 0), (0, 0), (0, 0)))
2023-12-01 15:13:18,961 - DEBUG - output: ['ABBEE', 'ABCFF', 'ABADD']
2023-12-01 15:13:18,961 - DEBUG - dfs(h=1, q_vec=((1, 1), (1, 1), (1, 1)))
2023-12-01 15:13:18,961 - DEBUG - dfs(h=0, q_vec=((0, 0), (0, 0), (0, 0)))
2023-12-01 15:13:18,961 - DEBUG - output: ['ABBEE', 'ABCFF', 'ABADD']
2023-12-01 15:13:18,961 - DEBUG - dfs(h=2, q_vec=((2, 2), (4, 2), (2, 4)))
2023-12-01 15:13:18,961 - DEBUG - dfs(h=1, q_vec=((1, 1), (3, 1), (1, 1)))
2023-12-01 15:13:18,961 - DEBUG - dfs(h=0, q_vec=((0, 0), (0, 0), (0, 0)))
2023-12-01 15:13:18,961 - DEBUG - output: ['ABBEE', 'ABCFF', 'ABADD']
2023-12-01 15:13:18,961 - DEBUG - dfs(h=1, q_vec=((1, 1), (1, 1), (1, 1)))
2023-12-01 15:13:18,961 - DEBUG - dfs(h=0, q_vec=((0, 0), (0, 0), (0, 0)))
2023-12-01 15:13:18,961 - DEBUG - output: ['ABBEE', 'ABCFF', 'ABADD']
2023-12-01 15:13:18,961 - DEBUG - dfs(h=2, q_vec=((2, 2), (2, 2), (2, 2)))
2023-12-01 15:13:18,961 - DEBUG - dfs(h=1, q_vec=((1, 1), (1, 1), (1, 1)))
2023-12-01 15:13:18,961 - DEBUG - dfs(h=0, q_vec=((0, 0), (0, 0), (0, 0)))
2023-12-01 15:13:18,961 - DEBUG - output: ['ABBEE', 'ABCFF', 'ABADD']
2023-12-01 15:13:18,961 - DEBUG - dfs(h=2, q_vec=((2, 2), (2, 2), (2, 4)))
2023-12-01 15:13:18,961 - DEBUG - dfs(h=1, q_vec=((1, 1), (1, 1), (1, 1)))
2023-12-01 15:13:18,961 - DEBUG - dfs(h=0, q_vec=((0, 0), (0, 0), (0, 0)))
2023-12-01 15:13:18,961 - DEBUG - output: ['ABBEE', 'ABCFF', 'ABADD']
2023-12-01 15:13:18,961 - DEBUG - dfs(h=3, q_vec=((4, 4), (3, 5), (5, 3)))
2023-12-01 15:13:18,961 - DEBUG - dfs(h=2, q_vec=((2, 2), (2, 2), (4, 2)))
2023-12-01 15:13:18,961 - DEBUG - dfs(h=1, q_vec=((1, 1), (1, 1), (3, 1)))
2023-12-01 15:13:18,961 - DEBUG - dfs(h=0, q_vec=((0, 0), (0, 0), (0, 0)))
2023-12-01 15:13:18,961 - DEBUG - output: ['ABBEE', 'ABAFF', 'ABCDD']
2023-12-01 15:13:18,961 - DEBUG - dfs(h=1, q_vec=((1, 1), (1, 1), (1, 1)))
2023-12-01 15:13:18,961 - DEBUG - dfs(h=0, q_vec=((0, 0), (0, 0), (0, 0)))
2023-12-01 15:13:18,962 - DEBUG - output: ['ABBEE', 'ABAFF', 'ABCDD']
2023-12-01 15:13:18,962 - DEBUG - dfs(h=2, q_vec=((2, 2), (2, 2), (2, 2)))
2023-12-01 15:13:18,962 - DEBUG - dfs(h=1, q_vec=((1, 1), (1, 1), (1, 1)))
2023-12-01 15:13:18,962 - DEBUG - dfs(h=0, q_vec=((0, 0), (0, 0), (0, 0)))
2023-12-01 15:13:18,962 - DEBUG - output: ['ABBEE', 'ABAFF', 'ABCDD']
2023-12-01 15:13:18,962 - DEBUG - dfs(h=2, q_vec=((2, 2), (2, 4), (4, 2)))
2023-12-01 15:13:18,962 - DEBUG - dfs(h=1, q_vec=((1, 1), (1, 1), (3, 1)))
2023-12-01 15:13:18,962 - DEBUG - dfs(h=0, q_vec=((0, 0), (0, 0), (0, 0)))
2023-12-01 15:13:18,962 - DEBUG - output: ['ABBEE', 'ABAFF', 'ABCDD']
2023-12-01 15:13:18,962 - DEBUG - dfs(h=1, q_vec=((1, 1), (1, 1), (1, 1)))
2023-12-01 15:13:18,962 - DEBUG - dfs(h=0, q_vec=((0, 0), (0, 0), (0, 0)))
2023-12-01 15:13:18,962 - DEBUG - output: ['ABBEE', 'ABAFF', 'ABCDD']
2023-12-01 15:13:18,962 - DEBUG - dfs(h=2, q_vec=((2, 2), (2, 4), (2, 2)))
2023-12-01 15:13:18,962 - DEBUG - dfs(h=1, q_vec=((1, 1), (1, 1), (1, 1)))
2023-12-01 15:13:18,962 - DEBUG - dfs(h=0, q_vec=((0, 0), (0, 0), (0, 0)))
2023-12-01 15:13:18,962 - DEBUG - output: ['ABBEE', 'ABAFF', 'ABCDD']
2023-12-01 15:13:18,962 - DEBUG - dfs(h=4, q_vec=((8, 8), (6, 10), (10, 6)))
2023-12-01 15:13:18,962 - DEBUG - dfs(h=3, q_vec=((5, 3), (3, 5), (4, 4)))
2023-12-01 15:13:18,962 - DEBUG - dfs(h=2, q_vec=((4, 2), (2, 2), (2, 2)))
2023-12-01 15:13:18,962 - DEBUG - dfs(h=1, q_vec=((3, 1), (1, 1), (1, 1)))
2023-12-01 15:13:18,962 - DEBUG - dfs(h=0, q_vec=((0, 0), (0, 0), (0, 0)))
2023-12-01 15:13:18,962 - DEBUG - output: ['ABCEE', 'ABADD', 'ABBFF']
2023-12-01 15:13:18,962 - DEBUG - dfs(h=1, q_vec=((1, 1), (1, 1), (1, 1)))
2023-12-01 15:13:18,962 - DEBUG - dfs(h=0, q_vec=((0, 0), (0, 0), (0, 0)))
2023-12-01 15:13:18,962 - DEBUG - output: ['ABCEE', 'ABADD', 'ABBFF']
2023-12-01 15:13:18,962 - DEBUG - dfs(h=2, q_vec=((4, 2), (2, 4), (2, 2)))
2023-12-01 15:13:18,962 - DEBUG - dfs(h=1, q_vec=((3, 1), (1, 1), (1, 1)))
2023-12-01 15:13:18,962 - DEBUG - dfs(h=0, q_vec=((0, 0), (0, 0), (0, 0)))
2023-12-01 15:13:18,963 - DEBUG - output: ['ABCEE', 'ABADD', 'ABBFF']
2023-12-01 15:13:18,963 - DEBUG - dfs(h=1, q_vec=((1, 1), (1, 1), (1, 1)))
2023-12-01 15:13:18,963 - DEBUG - dfs(h=0, q_vec=((0, 0), (0, 0), (0, 0)))
2023-12-01 15:13:18,963 - DEBUG - output: ['ABCEE', 'ABADD', 'ABBFF']
2023-12-01 15:13:18,963 - DEBUG - dfs(h=2, q_vec=((2, 2), (2, 2), (2, 2)))
2023-12-01 15:13:18,963 - DEBUG - dfs(h=1, q_vec=((1, 1), (1, 1), (1, 1)))
2023-12-01 15:13:18,963 - DEBUG - dfs(h=0, q_vec=((0, 0), (0, 0), (0, 0)))
2023-12-01 15:13:18,963 - DEBUG - output: ['ABCEE', 'ABADD', 'ABBFF']
2023-12-01 15:13:18,963 - DEBUG - dfs(h=2, q_vec=((2, 2), (2, 4), (2, 2)))
2023-12-01 15:13:18,963 - DEBUG - dfs(h=1, q_vec=((1, 1), (1, 1), (1, 1)))
2023-12-01 15:13:18,963 - DEBUG - dfs(h=0, q_vec=((0, 0), (0, 0), (0, 0)))
2023-12-01 15:13:18,963 - DEBUG - output: ['ABCEE', 'ABADD', 'ABBFF']
2023-12-01 15:13:18,963 - DEBUG - dfs(h=3, q_vec=((5, 3), (4, 4), (3, 5)))
2023-12-01 15:13:18,963 - DEBUG - dfs(h=2, q_vec=((4, 2), (2, 2), (2, 2)))
2023-12-01 15:13:18,963 - DEBUG - dfs(h=1, q_vec=((3, 1), (1, 1), (1, 1)))
2023-12-01 15:13:18,963 - DEBUG - dfs(h=0, q_vec=((0, 0), (0, 0), (0, 0)))
2023-12-01 15:13:18,963 - DEBUG - output: ['ABCEE', 'ABBDD', 'ABAFF']
2023-12-01 15:13:18,963 - DEBUG - dfs(h=1, q_vec=((1, 1), (1, 1), (1, 1)))
2023-12-01 15:13:18,963 - DEBUG - dfs(h=0, q_vec=((0, 0), (0, 0), (0, 0)))
2023-12-01 15:13:18,963 - DEBUG - output: ['ABCEE', 'ABBDD', 'ABAFF']
2023-12-01 15:13:18,963 - DEBUG - dfs(h=2, q_vec=((4, 2), (2, 2), (2, 4)))
2023-12-01 15:13:18,963 - DEBUG - dfs(h=1, q_vec=((3, 1), (1, 1), (1, 1)))
2023-12-01 15:13:18,963 - DEBUG - dfs(h=0, q_vec=((0, 0), (0, 0), (0, 0)))
2023-12-01 15:13:18,963 - DEBUG - output: ['ABCEE', 'ABBDD', 'ABAFF']
2023-12-01 15:13:18,963 - DEBUG - dfs(h=1, q_vec=((1, 1), (1, 1), (1, 1)))
2023-12-01 15:13:18,963 - DEBUG - dfs(h=0, q_vec=((0, 0), (0, 0), (0, 0)))
2023-12-01 15:13:18,963 - DEBUG - output: ['ABCEE', 'ABBDD', 'ABAFF']
2023-12-01 15:13:18,963 - DEBUG - dfs(h=2, q_vec=((2, 2), (2, 2), (2, 2)))
2023-12-01 15:13:18,964 - DEBUG - dfs(h=1, q_vec=((1, 1), (1, 1), (1, 1)))
2023-12-01 15:13:18,964 - DEBUG - dfs(h=0, q_vec=((0, 0), (0, 0), (0, 0)))
2023-12-01 15:13:18,964 - DEBUG - output: ['ABCEE', 'ABBDD', 'ABAFF']
2023-12-01 15:13:18,964 - DEBUG - dfs(h=2, q_vec=((2, 2), (2, 2), (2, 4)))
2023-12-01 15:13:18,964 - DEBUG - dfs(h=1, q_vec=((1, 1), (1, 1), (1, 1)))
2023-12-01 15:13:18,964 - DEBUG - dfs(h=0, q_vec=((0, 0), (0, 0), (0, 0)))
2023-12-01 15:13:18,964 - DEBUG - output: ['ABCEE', 'ABBDD', 'ABAFF']
2023-12-01 15:13:18,964 - DEBUG - dfs(h=3, q_vec=((3, 5), (5, 3), (4, 4)))
2023-12-01 15:13:18,964 - DEBUG - dfs(h=2, q_vec=((2, 2), (4, 2), (2, 2)))
2023-12-01 15:13:18,964 - DEBUG - dfs(h=1, q_vec=((1, 1), (3, 1), (1, 1)))
2023-12-01 15:13:18,964 - DEBUG - dfs(h=0, q_vec=((0, 0), (0, 0), (0, 0)))
2023-12-01 15:13:18,964 - DEBUG - output: ['ABAEE', 'ABCDD', 'ABBFF']
2023-12-01 15:13:18,964 - DEBUG - dfs(h=1, q_vec=((1, 1), (1, 1), (1, 1)))
2023-12-01 15:13:18,964 - DEBUG - dfs(h=0, q_vec=((0, 0), (0, 0), (0, 0)))
2023-12-01 15:13:18,964 - DEBUG - output: ['ABAEE', 'ABCDD', 'ABBFF']
2023-12-01 15:13:18,964 - DEBUG - dfs(h=2, q_vec=((2, 2), (2, 2), (2, 2)))
2023-12-01 15:13:18,964 - DEBUG - dfs(h=1, q_vec=((1, 1), (1, 1), (1, 1)))
2023-12-01 15:13:18,964 - DEBUG - dfs(h=0, q_vec=((0, 0), (0, 0), (0, 0)))
2023-12-01 15:13:18,964 - DEBUG - output: ['ABAEE', 'ABCDD', 'ABBFF']
2023-12-01 15:13:18,964 - DEBUG - dfs(h=2, q_vec=((2, 4), (4, 2), (2, 2)))
2023-12-01 15:13:18,964 - DEBUG - dfs(h=1, q_vec=((1, 1), (3, 1), (1, 1)))
2023-12-01 15:13:18,964 - DEBUG - dfs(h=0, q_vec=((0, 0), (0, 0), (0, 0)))
2023-12-01 15:13:18,964 - DEBUG - output: ['ABAEE', 'ABCDD', 'ABBFF']
2023-12-01 15:13:18,964 - DEBUG - dfs(h=1, q_vec=((1, 1), (1, 1), (1, 1)))
2023-12-01 15:13:18,964 - DEBUG - dfs(h=0, q_vec=((0, 0), (0, 0), (0, 0)))
2023-12-01 15:13:18,965 - DEBUG - output: ['ABAEE', 'ABCDD', 'ABBFF']
2023-12-01 15:13:18,965 - DEBUG - dfs(h=2, q_vec=((2, 4), (2, 2), (2, 2)))
2023-12-01 15:13:18,965 - DEBUG - dfs(h=1, q_vec=((1, 1), (1, 1), (1, 1)))
2023-12-01 15:13:18,965 - DEBUG - dfs(h=0, q_vec=((0, 0), (0, 0), (0, 0)))
2023-12-01 15:13:18,965 - DEBUG - output: ['ABAEE', 'ABCDD', 'ABBFF']
2023-12-01 15:13:18,965 - DEBUG - dfs(h=3, q_vec=((3, 5), (4, 4), (5, 3)))
2023-12-01 15:13:18,965 - DEBUG - dfs(h=2, q_vec=((2, 2), (2, 2), (4, 2)))
2023-12-01 15:13:18,965 - DEBUG - dfs(h=1, q_vec=((1, 1), (1, 1), (3, 1)))
2023-12-01 15:13:18,965 - DEBUG - dfs(h=0, q_vec=((0, 0), (0, 0), (0, 0)))
2023-12-01 15:13:18,965 - DEBUG - output: ['ABAEE', 'ABBDD', 'ABCFF']
2023-12-01 15:13:18,965 - DEBUG - dfs(h=1, q_vec=((1, 1), (1, 1), (1, 1)))
2023-12-01 15:13:18,965 - DEBUG - dfs(h=0, q_vec=((0, 0), (0, 0), (0, 0)))
2023-12-01 15:13:18,965 - DEBUG - output: ['ABAEE', 'ABBDD', 'ABCFF']
2023-12-01 15:13:18,965 - DEBUG - dfs(h=2, q_vec=((2, 2), (2, 2), (2, 2)))
2023-12-01 15:13:18,965 - DEBUG - dfs(h=1, q_vec=((1, 1), (1, 1), (1, 1)))
2023-12-01 15:13:18,965 - DEBUG - dfs(h=0, q_vec=((0, 0), (0, 0), (0, 0)))
2023-12-01 15:13:18,965 - DEBUG - output: ['ABAEE', 'ABBDD', 'ABCFF']
2023-12-01 15:13:18,965 - DEBUG - dfs(h=2, q_vec=((2, 4), (2, 2), (4, 2)))
2023-12-01 15:13:18,965 - DEBUG - dfs(h=1, q_vec=((1, 1), (1, 1), (3, 1)))
2023-12-01 15:13:18,965 - DEBUG - dfs(h=0, q_vec=((0, 0), (0, 0), (0, 0)))
2023-12-01 15:13:18,965 - DEBUG - output: ['ABAEE', 'ABBDD', 'ABCFF']
2023-12-01 15:13:18,965 - DEBUG - dfs(h=1, q_vec=((1, 1), (1, 1), (1, 1)))
2023-12-01 15:13:18,965 - DEBUG - dfs(h=0, q_vec=((0, 0), (0, 0), (0, 0)))
2023-12-01 15:13:18,965 - DEBUG - output: ['ABAEE', 'ABBDD', 'ABCFF']
2023-12-01 15:13:18,965 - DEBUG - dfs(h=2, q_vec=((2, 4), (2, 2), (2, 2)))
2023-12-01 15:13:18,966 - DEBUG - dfs(h=1, q_vec=((1, 1), (1, 1), (1, 1)))
2023-12-01 15:13:18,966 - DEBUG - dfs(h=0, q_vec=((0, 0), (0, 0), (0, 0)))
2023-12-01 15:13:18,966 - DEBUG - output: ['ABAEE', 'ABBDD', 'ABCFF']
2023-12-01 15:13:18,966 - DEBUG - dfs(h=3, q_vec=((4, 4), (5, 3), (3, 5)))
2023-12-01 15:13:18,966 - DEBUG - dfs(h=2, q_vec=((2, 2), (4, 2), (2, 2)))
2023-12-01 15:13:18,966 - DEBUG - dfs(h=1, q_vec=((1, 1), (3, 1), (1, 1)))
2023-12-01 15:13:18,966 - DEBUG - dfs(h=0, q_vec=((0, 0), (0, 0), (0, 0)))
2023-12-01 15:13:18,966 - DEBUG - output: ['ABBEE', 'ABCDD', 'ABAFF']
2023-12-01 15:13:18,966 - DEBUG - dfs(h=1, q_vec=((1, 1), (1, 1), (1, 1)))
2023-12-01 15:13:18,966 - DEBUG - dfs(h=0, q_vec=((0, 0), (0, 0), (0, 0)))
2023-12-01 15:13:18,966 - DEBUG - output: ['ABBEE', 'ABCDD', 'ABAFF']
2023-12-01 15:13:18,966 - DEBUG - dfs(h=2, q_vec=((2, 2), (4, 2), (2, 4)))
2023-12-01 15:13:18,966 - DEBUG - dfs(h=1, q_vec=((1, 1), (3, 1), (1, 1)))
2023-12-01 15:13:18,966 - DEBUG - dfs(h=0, q_vec=((0, 0), (0, 0), (0, 0)))
2023-12-01 15:13:18,966 - DEBUG - output: ['ABBEE', 'ABCDD', 'ABAFF']
2023-12-01 15:13:18,966 - DEBUG - dfs(h=1, q_vec=((1, 1), (1, 1), (1, 1)))
2023-12-01 15:13:18,966 - DEBUG - dfs(h=0, q_vec=((0, 0), (0, 0), (0, 0)))
2023-12-01 15:13:18,966 - DEBUG - output: ['ABBEE', 'ABCDD', 'ABAFF']
2023-12-01 15:13:18,966 - DEBUG - dfs(h=2, q_vec=((2, 2), (2, 2), (2, 2)))
2023-12-01 15:13:18,966 - DEBUG - dfs(h=1, q_vec=((1, 1), (1, 1), (1, 1)))
2023-12-01 15:13:18,966 - DEBUG - dfs(h=0, q_vec=((0, 0), (0, 0), (0, 0)))
2023-12-01 15:13:18,966 - DEBUG - output: ['ABBEE', 'ABCDD', 'ABAFF']
2023-12-01 15:13:18,966 - DEBUG - dfs(h=2, q_vec=((2, 2), (2, 2), (2, 4)))
2023-12-01 15:13:18,966 - DEBUG - dfs(h=1, q_vec=((1, 1), (1, 1), (1, 1)))
2023-12-01 15:13:18,966 - DEBUG - dfs(h=0, q_vec=((0, 0), (0, 0), (0, 0)))
2023-12-01 15:13:18,966 - DEBUG - output: ['ABBEE', 'ABCDD', 'ABAFF']
2023-12-01 15:13:18,966 - DEBUG - dfs(h=3, q_vec=((4, 4), (3, 5), (5, 3)))
2023-12-01 15:13:18,967 - DEBUG - dfs(h=2, q_vec=((2, 2), (2, 2), (4, 2)))
2023-12-01 15:13:18,967 - DEBUG - dfs(h=1, q_vec=((1, 1), (1, 1), (3, 1)))
2023-12-01 15:13:18,967 - DEBUG - dfs(h=0, q_vec=((0, 0), (0, 0), (0, 0)))
2023-12-01 15:13:18,967 - DEBUG - output: ['ABBEE', 'ABADD', 'ABCFF']
2023-12-01 15:13:18,967 - DEBUG - dfs(h=1, q_vec=((1, 1), (1, 1), (1, 1)))
2023-12-01 15:13:18,967 - DEBUG - dfs(h=0, q_vec=((0, 0), (0, 0), (0, 0)))
2023-12-01 15:13:18,967 - DEBUG - output: ['ABBEE', 'ABADD', 'ABCFF']
2023-12-01 15:13:18,967 - DEBUG - dfs(h=2, q_vec=((2, 2), (2, 2), (2, 2)))
2023-12-01 15:13:18,967 - DEBUG - dfs(h=1, q_vec=((1, 1), (1, 1), (1, 1)))
2023-12-01 15:13:18,967 - DEBUG - dfs(h=0, q_vec=((0, 0), (0, 0), (0, 0)))
2023-12-01 15:13:18,967 - DEBUG - output: ['ABBEE', 'ABADD', 'ABCFF']
2023-12-01 15:13:18,967 - DEBUG - dfs(h=2, q_vec=((2, 2), (2, 4), (4, 2)))
2023-12-01 15:13:18,967 - DEBUG - dfs(h=1, q_vec=((1, 1), (1, 1), (3, 1)))
2023-12-01 15:13:18,967 - DEBUG - dfs(h=0, q_vec=((0, 0), (0, 0), (0, 0)))
2023-12-01 15:13:18,967 - DEBUG - output: ['ABBEE', 'ABADD', 'ABCFF']
2023-12-01 15:13:18,967 - DEBUG - dfs(h=1, q_vec=((1, 1), (1, 1), (1, 1)))
2023-12-01 15:13:18,967 - DEBUG - dfs(h=0, q_vec=((0, 0), (0, 0), (0, 0)))
2023-12-01 15:13:18,967 - DEBUG - output: ['ABBEE', 'ABADD', 'ABCFF']
2023-12-01 15:13:18,967 - DEBUG - dfs(h=2, q_vec=((2, 2), (2, 4), (2, 2)))
2023-12-01 15:13:18,967 - DEBUG - dfs(h=1, q_vec=((1, 1), (1, 1), (1, 1)))
2023-12-01 15:13:18,967 - DEBUG - dfs(h=0, q_vec=((0, 0), (0, 0), (0, 0)))
2023-12-01 15:13:18,967 - DEBUG - output: ['ABBEE', 'ABADD', 'ABCFF']
2023-12-01 15:13:18,967 - DEBUG - dfs(h=4, q_vec=((6, 10), (10, 6), (8, 8)))
2023-12-01 15:13:18,967 - DEBUG - dfs(h=3, q_vec=((5, 3), (3, 5), (4, 4)))
2023-12-01 15:13:18,967 - DEBUG - dfs(h=2, q_vec=((4, 2), (2, 2), (2, 2)))
2023-12-01 15:13:18,968 - DEBUG - dfs(h=1, q_vec=((3, 1), (1, 1), (1, 1)))
2023-12-01 15:13:18,968 - DEBUG - dfs(h=0, q_vec=((0, 0), (0, 0), (0, 0)))
2023-12-01 15:13:18,968 - DEBUG - output: ['ABCDD', 'ABAFF', 'ABBEE']
2023-12-01 15:13:18,968 - DEBUG - dfs(h=1, q_vec=((1, 1), (1, 1), (1, 1)))
2023-12-01 15:13:18,968 - DEBUG - dfs(h=0, q_vec=((0, 0), (0, 0), (0, 0)))
2023-12-01 15:13:18,968 - DEBUG - output: ['ABCDD', 'ABAFF', 'ABBEE']
2023-12-01 15:13:18,968 - DEBUG - dfs(h=2, q_vec=((4, 2), (2, 4), (2, 2)))
2023-12-01 15:13:18,968 - DEBUG - dfs(h=1, q_vec=((3, 1), (1, 1), (1, 1)))
2023-12-01 15:13:18,968 - DEBUG - dfs(h=0, q_vec=((0, 0), (0, 0), (0, 0)))
2023-12-01 15:13:18,968 - DEBUG - output: ['ABCDD', 'ABAFF', 'ABBEE']
2023-12-01 15:13:18,968 - DEBUG - dfs(h=1, q_vec=((1, 1), (1, 1), (1, 1)))
2023-12-01 15:13:18,968 - DEBUG - dfs(h=0, q_vec=((0, 0), (0, 0), (0, 0)))
2023-12-01 15:13:18,968 - DEBUG - output: ['ABCDD', 'ABAFF', 'ABBEE']
2023-12-01 15:13:18,968 - DEBUG - dfs(h=2, q_vec=((2, 2), (2, 2), (2, 2)))
2023-12-01 15:13:18,968 - DEBUG - dfs(h=1, q_vec=((1, 1), (1, 1), (1, 1)))
2023-12-01 15:13:18,968 - DEBUG - dfs(h=0, q_vec=((0, 0), (0, 0), (0, 0)))
2023-12-01 15:13:18,968 - DEBUG - output: ['ABCDD', 'ABAFF', 'ABBEE']
2023-12-01 15:13:18,968 - DEBUG - dfs(h=2, q_vec=((2, 2), (2, 4), (2, 2)))
2023-12-01 15:13:18,968 - DEBUG - dfs(h=1, q_vec=((1, 1), (1, 1), (1, 1)))
2023-12-01 15:13:18,968 - DEBUG - dfs(h=0, q_vec=((0, 0), (0, 0), (0, 0)))
2023-12-01 15:13:18,968 - DEBUG - output: ['ABCDD', 'ABAFF', 'ABBEE']
2023-12-01 15:13:18,968 - DEBUG - dfs(h=3, q_vec=((5, 3), (4, 4), (3, 5)))
2023-12-01 15:13:18,968 - DEBUG - dfs(h=2, q_vec=((4, 2), (2, 2), (2, 2)))
2023-12-01 15:13:18,968 - DEBUG - dfs(h=1, q_vec=((3, 1), (1, 1), (1, 1)))
2023-12-01 15:13:18,968 - DEBUG - dfs(h=0, q_vec=((0, 0), (0, 0), (0, 0)))
2023-12-01 15:13:18,968 - DEBUG - output: ['ABCDD', 'ABBFF', 'ABAEE']
2023-12-01 15:13:18,968 - DEBUG - dfs(h=1, q_vec=((1, 1), (1, 1), (1, 1)))
2023-12-01 15:13:18,969 - DEBUG - dfs(h=0, q_vec=((0, 0), (0, 0), (0, 0)))
2023-12-01 15:13:18,969 - DEBUG - output: ['ABCDD', 'ABBFF', 'ABAEE']
2023-12-01 15:13:18,969 - DEBUG - dfs(h=2, q_vec=((4, 2), (2, 2), (2, 4)))
2023-12-01 15:13:18,969 - DEBUG - dfs(h=1, q_vec=((3, 1), (1, 1), (1, 1)))
2023-12-01 15:13:18,969 - DEBUG - dfs(h=0, q_vec=((0, 0), (0, 0), (0, 0)))
2023-12-01 15:13:18,969 - DEBUG - output: ['ABCDD', 'ABBFF', 'ABAEE']
2023-12-01 15:13:18,969 - DEBUG - dfs(h=1, q_vec=((1, 1), (1, 1), (1, 1)))
2023-12-01 15:13:18,969 - DEBUG - dfs(h=0, q_vec=((0, 0), (0, 0), (0, 0)))
2023-12-01 15:13:18,969 - DEBUG - output: ['ABCDD', 'ABBFF', 'ABAEE']
2023-12-01 15:13:18,969 - DEBUG - dfs(h=2, q_vec=((2, 2), (2, 2), (2, 2)))
2023-12-01 15:13:18,969 - DEBUG - dfs(h=1, q_vec=((1, 1), (1, 1), (1, 1)))
2023-12-01 15:13:18,969 - DEBUG - dfs(h=0, q_vec=((0, 0), (0, 0), (0, 0)))
2023-12-01 15:13:18,969 - DEBUG - output: ['ABCDD', 'ABBFF', 'ABAEE']
2023-12-01 15:13:18,969 - DEBUG - dfs(h=2, q_vec=((2, 2), (2, 2), (2, 4)))
2023-12-01 15:13:18,969 - DEBUG - dfs(h=1, q_vec=((1, 1), (1, 1), (1, 1)))
2023-12-01 15:13:18,969 - DEBUG - dfs(h=0, q_vec=((0, 0), (0, 0), (0, 0)))
2023-12-01 15:13:18,969 - DEBUG - output: ['ABCDD', 'ABBFF', 'ABAEE']
2023-12-01 15:13:18,969 - DEBUG - dfs(h=3, q_vec=((3, 5), (5, 3), (4, 4)))
2023-12-01 15:13:18,969 - DEBUG - dfs(h=2, q_vec=((2, 2), (4, 2), (2, 2)))
2023-12-01 15:13:18,969 - DEBUG - dfs(h=1, q_vec=((1, 1), (3, 1), (1, 1)))
2023-12-01 15:13:18,969 - DEBUG - dfs(h=0, q_vec=((0, 0), (0, 0), (0, 0)))
2023-12-01 15:13:18,969 - DEBUG - output: ['ABADD', 'ABCFF', 'ABBEE']
2023-12-01 15:13:18,969 - DEBUG - dfs(h=1, q_vec=((1, 1), (1, 1), (1, 1)))
2023-12-01 15:13:18,969 - DEBUG - dfs(h=0, q_vec=((0, 0), (0, 0), (0, 0)))
2023-12-01 15:13:18,969 - DEBUG - output: ['ABADD', 'ABCFF', 'ABBEE']
2023-12-01 15:13:18,969 - DEBUG - dfs(h=2, q_vec=((2, 2), (2, 2), (2, 2)))
2023-12-01 15:13:18,970 - DEBUG - dfs(h=1, q_vec=((1, 1), (1, 1), (1, 1)))
2023-12-01 15:13:18,970 - DEBUG - dfs(h=0, q_vec=((0, 0), (0, 0), (0, 0)))
2023-12-01 15:13:18,970 - DEBUG - output: ['ABADD', 'ABCFF', 'ABBEE']
2023-12-01 15:13:18,970 - DEBUG - dfs(h=2, q_vec=((2, 4), (4, 2), (2, 2)))
2023-12-01 15:13:18,970 - DEBUG - dfs(h=1, q_vec=((1, 1), (3, 1), (1, 1)))
2023-12-01 15:13:18,970 - DEBUG - dfs(h=0, q_vec=((0, 0), (0, 0), (0, 0)))
2023-12-01 15:13:18,970 - DEBUG - output: ['ABADD', 'ABCFF', 'ABBEE']
2023-12-01 15:13:18,970 - DEBUG - dfs(h=1, q_vec=((1, 1), (1, 1), (1, 1)))
2023-12-01 15:13:18,970 - DEBUG - dfs(h=0, q_vec=((0, 0), (0, 0), (0, 0)))
2023-12-01 15:13:18,970 - DEBUG - output: ['ABADD', 'ABCFF', 'ABBEE']
2023-12-01 15:13:18,970 - DEBUG - dfs(h=2, q_vec=((2, 4), (2, 2), (2, 2)))
2023-12-01 15:13:18,970 - DEBUG - dfs(h=1, q_vec=((1, 1), (1, 1), (1, 1)))
2023-12-01 15:13:18,970 - DEBUG - dfs(h=0, q_vec=((0, 0), (0, 0), (0, 0)))
2023-12-01 15:13:18,970 - DEBUG - output: ['ABADD', 'ABCFF', 'ABBEE']
2023-12-01 15:13:18,970 - DEBUG - dfs(h=3, q_vec=((3, 5), (4, 4), (5, 3)))
2023-12-01 15:13:18,970 - DEBUG - dfs(h=2, q_vec=((2, 2), (2, 2), (4, 2)))
2023-12-01 15:13:18,970 - DEBUG - dfs(h=1, q_vec=((1, 1), (1, 1), (3, 1)))
2023-12-01 15:13:18,970 - DEBUG - dfs(h=0, q_vec=((0, 0), (0, 0), (0, 0)))
2023-12-01 15:13:18,970 - DEBUG - output: ['ABADD', 'ABBFF', 'ABCEE']
2023-12-01 15:13:18,970 - DEBUG - dfs(h=1, q_vec=((1, 1), (1, 1), (1, 1)))
2023-12-01 15:13:18,970 - DEBUG - dfs(h=0, q_vec=((0, 0), (0, 0), (0, 0)))
2023-12-01 15:13:18,970 - DEBUG - output: ['ABADD', 'ABBFF', 'ABCEE']
2023-12-01 15:13:18,970 - DEBUG - dfs(h=2, q_vec=((2, 2), (2, 2), (2, 2)))
2023-12-01 15:13:18,970 - DEBUG - dfs(h=1, q_vec=((1, 1), (1, 1), (1, 1)))
2023-12-01 15:13:18,970 - DEBUG - dfs(h=0, q_vec=((0, 0), (0, 0), (0, 0)))
2023-12-01 15:13:18,971 - DEBUG - output: ['ABADD', 'ABBFF', 'ABCEE']
2023-12-01 15:13:18,971 - DEBUG - dfs(h=2, q_vec=((2, 4), (2, 2), (4, 2)))
2023-12-01 15:13:18,971 - DEBUG - dfs(h=1, q_vec=((1, 1), (1, 1), (3, 1)))
2023-12-01 15:13:18,971 - DEBUG - dfs(h=0, q_vec=((0, 0), (0, 0), (0, 0)))
2023-12-01 15:13:18,971 - DEBUG - output: ['ABADD', 'ABBFF', 'ABCEE']
2023-12-01 15:13:18,971 - DEBUG - dfs(h=1, q_vec=((1, 1), (1, 1), (1, 1)))
2023-12-01 15:13:18,971 - DEBUG - dfs(h=0, q_vec=((0, 0), (0, 0), (0, 0)))
2023-12-01 15:13:18,971 - DEBUG - output: ['ABADD', 'ABBFF', 'ABCEE']
2023-12-01 15:13:18,971 - DEBUG - dfs(h=2, q_vec=((2, 4), (2, 2), (2, 2)))
2023-12-01 15:13:18,971 - DEBUG - dfs(h=1, q_vec=((1, 1), (1, 1), (1, 1)))
2023-12-01 15:13:18,971 - DEBUG - dfs(h=0, q_vec=((0, 0), (0, 0), (0, 0)))
2023-12-01 15:13:18,971 - DEBUG - output: ['ABADD', 'ABBFF', 'ABCEE']
2023-12-01 15:13:18,971 - DEBUG - dfs(h=3, q_vec=((4, 4), (5, 3), (3, 5)))
2023-12-01 15:13:18,971 - DEBUG - dfs(h=2, q_vec=((2, 2), (4, 2), (2, 2)))
2023-12-01 15:13:18,971 - DEBUG - dfs(h=1, q_vec=((1, 1), (3, 1), (1, 1)))
2023-12-01 15:13:18,971 - DEBUG - dfs(h=0, q_vec=((0, 0), (0, 0), (0, 0)))
2023-12-01 15:13:18,971 - DEBUG - output: ['ABBDD', 'ABCFF', 'ABAEE']
2023-12-01 15:13:18,971 - DEBUG - dfs(h=1, q_vec=((1, 1), (1, 1), (1, 1)))
2023-12-01 15:13:18,971 - DEBUG - dfs(h=0, q_vec=((0, 0), (0, 0), (0, 0)))
2023-12-01 15:13:18,971 - DEBUG - output: ['ABBDD', 'ABCFF', 'ABAEE']
2023-12-01 15:13:18,971 - DEBUG - dfs(h=2, q_vec=((2, 2), (4, 2), (2, 4)))
2023-12-01 15:13:18,971 - DEBUG - dfs(h=1, q_vec=((1, 1), (3, 1), (1, 1)))
2023-12-01 15:13:18,971 - DEBUG - dfs(h=0, q_vec=((0, 0), (0, 0), (0, 0)))
2023-12-01 15:13:18,971 - DEBUG - output: ['ABBDD', 'ABCFF', 'ABAEE']
2023-12-01 15:13:18,971 - DEBUG - dfs(h=1, q_vec=((1, 1), (1, 1), (1, 1)))
2023-12-01 15:13:18,971 - DEBUG - dfs(h=0, q_vec=((0, 0), (0, 0), (0, 0)))
2023-12-01 15:13:18,972 - DEBUG - output: ['ABBDD', 'ABCFF', 'ABAEE']
2023-12-01 15:13:18,972 - DEBUG - dfs(h=2, q_vec=((2, 2), (2, 2), (2, 2)))
2023-12-01 15:13:18,972 - DEBUG - dfs(h=1, q_vec=((1, 1), (1, 1), (1, 1)))
2023-12-01 15:13:18,972 - DEBUG - dfs(h=0, q_vec=((0, 0), (0, 0), (0, 0)))
2023-12-01 15:13:18,972 - DEBUG - output: ['ABBDD', 'ABCFF', 'ABAEE']
2023-12-01 15:13:18,972 - DEBUG - dfs(h=2, q_vec=((2, 2), (2, 2), (2, 4)))
2023-12-01 15:13:18,972 - DEBUG - dfs(h=1, q_vec=((1, 1), (1, 1), (1, 1)))
2023-12-01 15:13:18,972 - DEBUG - dfs(h=0, q_vec=((0, 0), (0, 0), (0, 0)))
2023-12-01 15:13:18,972 - DEBUG - output: ['ABBDD', 'ABCFF', 'ABAEE']
2023-12-01 15:13:18,972 - DEBUG - dfs(h=3, q_vec=((4, 4), (3, 5), (5, 3)))
2023-12-01 15:13:18,972 - DEBUG - dfs(h=2, q_vec=((2, 2), (2, 2), (4, 2)))
2023-12-01 15:13:18,972 - DEBUG - dfs(h=1, q_vec=((1, 1), (1, 1), (3, 1)))
2023-12-01 15:13:18,972 - DEBUG - dfs(h=0, q_vec=((0, 0), (0, 0), (0, 0)))
2023-12-01 15:13:18,972 - DEBUG - output: ['ABBDD', 'ABAFF', 'ABCEE']
2023-12-01 15:13:18,972 - DEBUG - dfs(h=1, q_vec=((1, 1), (1, 1), (1, 1)))
2023-12-01 15:13:18,972 - DEBUG - dfs(h=0, q_vec=((0, 0), (0, 0), (0, 0)))
2023-12-01 15:13:18,972 - DEBUG - output: ['ABBDD', 'ABAFF', 'ABCEE']
2023-12-01 15:13:18,972 - DEBUG - dfs(h=2, q_vec=((2, 2), (2, 2), (2, 2)))
2023-12-01 15:13:18,972 - DEBUG - dfs(h=1, q_vec=((1, 1), (1, 1), (1, 1)))
2023-12-01 15:13:18,972 - DEBUG - dfs(h=0, q_vec=((0, 0), (0, 0), (0, 0)))
2023-12-01 15:13:18,972 - DEBUG - output: ['ABBDD', 'ABAFF', 'ABCEE']
2023-12-01 15:13:18,972 - DEBUG - dfs(h=2, q_vec=((2, 2), (2, 4), (4, 2)))
2023-12-01 15:13:18,972 - DEBUG - dfs(h=1, q_vec=((1, 1), (1, 1), (3, 1)))
2023-12-01 15:13:18,972 - DEBUG - dfs(h=0, q_vec=((0, 0), (0, 0), (0, 0)))
2023-12-01 15:13:18,972 - DEBUG - output: ['ABBDD', 'ABAFF', 'ABCEE']
2023-12-01 15:13:18,973 - DEBUG - dfs(h=1, q_vec=((1, 1), (1, 1), (1, 1)))
2023-12-01 15:13:18,973 - DEBUG - dfs(h=0, q_vec=((0, 0), (0, 0), (0, 0)))
2023-12-01 15:13:18,973 - DEBUG - output: ['ABBDD', 'ABAFF', 'ABCEE']
2023-12-01 15:13:18,973 - DEBUG - dfs(h=2, q_vec=((2, 2), (2, 4), (2, 2)))
2023-12-01 15:13:18,973 - DEBUG - dfs(h=1, q_vec=((1, 1), (1, 1), (1, 1)))
2023-12-01 15:13:18,973 - DEBUG - dfs(h=0, q_vec=((0, 0), (0, 0), (0, 0)))
2023-12-01 15:13:18,973 - DEBUG - output: ['ABBDD', 'ABAFF', 'ABCEE']
2023-12-01 15:13:18,973 - DEBUG - dfs(h=4, q_vec=((6, 10), (8, 8), (10, 6)))
2023-12-01 15:13:18,973 - DEBUG - dfs(h=3, q_vec=((5, 3), (3, 5), (4, 4)))
2023-12-01 15:13:18,973 - DEBUG - dfs(h=2, q_vec=((4, 2), (2, 2), (2, 2)))
2023-12-01 15:13:18,973 - DEBUG - dfs(h=1, q_vec=((3, 1), (1, 1), (1, 1)))
2023-12-01 15:13:18,973 - DEBUG - dfs(h=0, q_vec=((0, 0), (0, 0), (0, 0)))
2023-12-01 15:13:18,973 - DEBUG - output: ['ABCDD', 'ABAEE', 'ABBFF']
2023-12-01 15:13:18,973 - DEBUG - dfs(h=1, q_vec=((1, 1), (1, 1), (1, 1)))
2023-12-01 15:13:18,973 - DEBUG - dfs(h=0, q_vec=((0, 0), (0, 0), (0, 0)))
2023-12-01 15:13:18,973 - DEBUG - output: ['ABCDD', 'ABAEE', 'ABBFF']
2023-12-01 15:13:18,973 - DEBUG - dfs(h=2, q_vec=((4, 2), (2, 4), (2, 2)))
2023-12-01 15:13:18,973 - DEBUG - dfs(h=1, q_vec=((3, 1), (1, 1), (1, 1)))
2023-12-01 15:13:18,973 - DEBUG - dfs(h=0, q_vec=((0, 0), (0, 0), (0, 0)))
2023-12-01 15:13:18,973 - DEBUG - output: ['ABCDD', 'ABAEE', 'ABBFF']
2023-12-01 15:13:18,973 - DEBUG - dfs(h=1, q_vec=((1, 1), (1, 1), (1, 1)))
2023-12-01 15:13:18,973 - DEBUG - dfs(h=0, q_vec=((0, 0), (0, 0), (0, 0)))
2023-12-01 15:13:18,973 - DEBUG - output: ['ABCDD', 'ABAEE', 'ABBFF']
2023-12-01 15:13:18,973 - DEBUG - dfs(h=2, q_vec=((2, 2), (2, 2), (2, 2)))
2023-12-01 15:13:18,973 - DEBUG - dfs(h=1, q_vec=((1, 1), (1, 1), (1, 1)))
2023-12-01 15:13:18,974 - DEBUG - dfs(h=0, q_vec=((0, 0), (0, 0), (0, 0)))
2023-12-01 15:13:18,974 - DEBUG - output: ['ABCDD', 'ABAEE', 'ABBFF']
2023-12-01 15:13:18,974 - DEBUG - dfs(h=2, q_vec=((2, 2), (2, 4), (2, 2)))
2023-12-01 15:13:18,974 - DEBUG - dfs(h=1, q_vec=((1, 1), (1, 1), (1, 1)))
2023-12-01 15:13:18,974 - DEBUG - dfs(h=0, q_vec=((0, 0), (0, 0), (0, 0)))
2023-12-01 15:13:18,974 - DEBUG - output: ['ABCDD', 'ABAEE', 'ABBFF']
2023-12-01 15:13:18,974 - DEBUG - dfs(h=3, q_vec=((5, 3), (4, 4), (3, 5)))
2023-12-01 15:13:18,974 - DEBUG - dfs(h=2, q_vec=((4, 2), (2, 2), (2, 2)))
2023-12-01 15:13:18,974 - DEBUG - dfs(h=1, q_vec=((3, 1), (1, 1), (1, 1)))
2023-12-01 15:13:18,974 - DEBUG - dfs(h=0, q_vec=((0, 0), (0, 0), (0, 0)))
2023-12-01 15:13:18,974 - DEBUG - output: ['ABCDD', 'ABBEE', 'ABAFF']
2023-12-01 15:13:18,974 - DEBUG - dfs(h=1, q_vec=((1, 1), (1, 1), (1, 1)))
2023-12-01 15:13:18,974 - DEBUG - dfs(h=0, q_vec=((0, 0), (0, 0), (0, 0)))
2023-12-01 15:13:18,974 - DEBUG - output: ['ABCDD', 'ABBEE', 'ABAFF']
2023-12-01 15:13:18,974 - DEBUG - dfs(h=2, q_vec=((4, 2), (2, 2), (2, 4)))
2023-12-01 15:13:18,974 - DEBUG - dfs(h=1, q_vec=((3, 1), (1, 1), (1, 1)))
2023-12-01 15:13:18,974 - DEBUG - dfs(h=0, q_vec=((0, 0), (0, 0), (0, 0)))
2023-12-01 15:13:18,974 - DEBUG - output: ['ABCDD', 'ABBEE', 'ABAFF']
2023-12-01 15:13:18,974 - DEBUG - dfs(h=1, q_vec=((1, 1), (1, 1), (1, 1)))
2023-12-01 15:13:18,974 - DEBUG - dfs(h=0, q_vec=((0, 0), (0, 0), (0, 0)))
2023-12-01 15:13:18,974 - DEBUG - output: ['ABCDD', 'ABBEE', 'ABAFF']
2023-12-01 15:13:18,974 - DEBUG - dfs(h=2, q_vec=((2, 2), (2, 2), (2, 2)))
2023-12-01 15:13:18,974 - DEBUG - dfs(h=1, q_vec=((1, 1), (1, 1), (1, 1)))
2023-12-01 15:13:18,975 - DEBUG - dfs(h=0, q_vec=((0, 0), (0, 0), (0, 0)))
2023-12-01 15:13:18,975 - DEBUG - output: ['ABCDD', 'ABBEE', 'ABAFF']
2023-12-01 15:13:18,975 - DEBUG - dfs(h=2, q_vec=((2, 2), (2, 2), (2, 4)))
2023-12-01 15:13:18,975 - DEBUG - dfs(h=1, q_vec=((1, 1), (1, 1), (1, 1)))
2023-12-01 15:13:18,975 - DEBUG - dfs(h=0, q_vec=((0, 0), (0, 0), (0, 0)))
2023-12-01 15:13:18,975 - DEBUG - output: ['ABCDD', 'ABBEE', 'ABAFF']
2023-12-01 15:13:18,975 - DEBUG - dfs(h=3, q_vec=((3, 5), (5, 3), (4, 4)))
2023-12-01 15:13:18,975 - DEBUG - dfs(h=2, q_vec=((2, 2), (4, 2), (2, 2)))
2023-12-01 15:13:18,975 - DEBUG - dfs(h=1, q_vec=((1, 1), (3, 1), (1, 1)))
2023-12-01 15:13:18,975 - DEBUG - dfs(h=0, q_vec=((0, 0), (0, 0), (0, 0)))
2023-12-01 15:13:18,975 - DEBUG - output: ['ABADD', 'ABCEE', 'ABBFF']
2023-12-01 15:13:18,975 - DEBUG - dfs(h=1, q_vec=((1, 1), (1, 1), (1, 1)))
2023-12-01 15:13:18,975 - DEBUG - dfs(h=0, q_vec=((0, 0), (0, 0), (0, 0)))
2023-12-01 15:13:18,975 - DEBUG - output: ['ABADD', 'ABCEE', 'ABBFF']
2023-12-01 15:13:18,975 - DEBUG - dfs(h=2, q_vec=((2, 2), (2, 2), (2, 2)))
2023-12-01 15:13:18,975 - DEBUG - dfs(h=1, q_vec=((1, 1), (1, 1), (1, 1)))
2023-12-01 15:13:18,975 - DEBUG - dfs(h=0, q_vec=((0, 0), (0, 0), (0, 0)))
2023-12-01 15:13:18,975 - DEBUG - output: ['ABADD', 'ABCEE', 'ABBFF']
2023-12-01 15:13:18,975 - DEBUG - dfs(h=2, q_vec=((2, 4), (4, 2), (2, 2)))
2023-12-01 15:13:18,975 - DEBUG - dfs(h=1, q_vec=((1, 1), (3, 1), (1, 1)))
2023-12-01 15:13:18,976 - DEBUG - dfs(h=0, q_vec=((0, 0), (0, 0), (0, 0)))
2023-12-01 15:13:18,976 - DEBUG - output: ['ABADD', 'ABCEE', 'ABBFF']
2023-12-01 15:13:18,976 - DEBUG - dfs(h=1, q_vec=((1, 1), (1, 1), (1, 1)))
2023-12-01 15:13:18,976 - DEBUG - dfs(h=0, q_vec=((0, 0), (0, 0), (0, 0)))
2023-12-01 15:13:18,976 - DEBUG - output: ['ABADD', 'ABCEE', 'ABBFF']
2023-12-01 15:13:18,976 - DEBUG - dfs(h=2, q_vec=((2, 4), (2, 2), (2, 2)))
2023-12-01 15:13:18,976 - DEBUG - dfs(h=1, q_vec=((1, 1), (1, 1), (1, 1)))
2023-12-01 15:13:18,976 - DEBUG - dfs(h=0, q_vec=((0, 0), (0, 0), (0, 0)))
2023-12-01 15:13:18,976 - DEBUG - output: ['ABADD', 'ABCEE', 'ABBFF']
2023-12-01 15:13:18,976 - DEBUG - dfs(h=3, q_vec=((3, 5), (4, 4), (5, 3)))
2023-12-01 15:13:18,976 - DEBUG - dfs(h=2, q_vec=((2, 2), (2, 2), (4, 2)))
2023-12-01 15:13:18,976 - DEBUG - dfs(h=1, q_vec=((1, 1), (1, 1), (3, 1)))
2023-12-01 15:13:18,976 - DEBUG - dfs(h=0, q_vec=((0, 0), (0, 0), (0, 0)))
2023-12-01 15:13:18,976 - DEBUG - output: ['ABADD', 'ABBEE', 'ABCFF']
2023-12-01 15:13:18,976 - DEBUG - dfs(h=1, q_vec=((1, 1), (1, 1), (1, 1)))
2023-12-01 15:13:18,976 - DEBUG - dfs(h=0, q_vec=((0, 0), (0, 0), (0, 0)))
2023-12-01 15:13:18,976 - DEBUG - output: ['ABADD', 'ABBEE', 'ABCFF']
2023-12-01 15:13:18,976 - DEBUG - dfs(h=2, q_vec=((2, 2), (2, 2), (2, 2)))
2023-12-01 15:13:18,976 - DEBUG - dfs(h=1, q_vec=((1, 1), (1, 1), (1, 1)))
2023-12-01 15:13:18,976 - DEBUG - dfs(h=0, q_vec=((0, 0), (0, 0), (0, 0)))
2023-12-01 15:13:18,977 - DEBUG - output: ['ABADD', 'ABBEE', 'ABCFF']
2023-12-01 15:13:18,977 - DEBUG - dfs(h=2, q_vec=((2, 4), (2, 2), (4, 2)))
2023-12-01 15:13:18,977 - DEBUG - dfs(h=1, q_vec=((1, 1), (1, 1), (3, 1)))
2023-12-01 15:13:18,977 - DEBUG - dfs(h=0, q_vec=((0, 0), (0, 0), (0, 0)))
2023-12-01 15:13:18,977 - DEBUG - output: ['ABADD', 'ABBEE', 'ABCFF']
2023-12-01 15:13:18,977 - DEBUG - dfs(h=1, q_vec=((1, 1), (1, 1), (1, 1)))
2023-12-01 15:13:18,977 - DEBUG - dfs(h=0, q_vec=((0, 0), (0, 0), (0, 0)))
2023-12-01 15:13:18,977 - DEBUG - output: ['ABADD', 'ABBEE', 'ABCFF']
2023-12-01 15:13:18,977 - DEBUG - dfs(h=2, q_vec=((2, 4), (2, 2), (2, 2)))
2023-12-01 15:13:18,977 - DEBUG - dfs(h=1, q_vec=((1, 1), (1, 1), (1, 1)))
2023-12-01 15:13:18,977 - DEBUG - dfs(h=0, q_vec=((0, 0), (0, 0), (0, 0)))
2023-12-01 15:13:18,977 - DEBUG - output: ['ABADD', 'ABBEE', 'ABCFF']
2023-12-01 15:13:18,977 - DEBUG - dfs(h=3, q_vec=((4, 4), (5, 3), (3, 5)))
2023-12-01 15:13:18,977 - DEBUG - dfs(h=2, q_vec=((2, 2), (4, 2), (2, 2)))
2023-12-01 15:13:18,977 - DEBUG - dfs(h=1, q_vec=((1, 1), (3, 1), (1, 1)))
2023-12-01 15:13:18,977 - DEBUG - dfs(h=0, q_vec=((0, 0), (0, 0), (0, 0)))
2023-12-01 15:13:18,977 - DEBUG - output: ['ABBDD', 'ABCEE', 'ABAFF']
2023-12-01 15:13:18,977 - DEBUG - dfs(h=1, q_vec=((1, 1), (1, 1), (1, 1)))
2023-12-01 15:13:18,977 - DEBUG - dfs(h=0, q_vec=((0, 0), (0, 0), (0, 0)))
2023-12-01 15:13:18,977 - DEBUG - output: ['ABBDD', 'ABCEE', 'ABAFF']
2023-12-01 15:13:18,977 - DEBUG - dfs(h=2, q_vec=((2, 2), (4, 2), (2, 4)))
2023-12-01 15:13:18,977 - DEBUG - dfs(h=1, q_vec=((1, 1), (3, 1), (1, 1)))
2023-12-01 15:13:18,978 - DEBUG - dfs(h=0, q_vec=((0, 0), (0, 0), (0, 0)))
2023-12-01 15:13:18,978 - DEBUG - output: ['ABBDD', 'ABCEE', 'ABAFF']
2023-12-01 15:13:18,978 - DEBUG - dfs(h=1, q_vec=((1, 1), (1, 1), (1, 1)))
2023-12-01 15:13:18,978 - DEBUG - dfs(h=0, q_vec=((0, 0), (0, 0), (0, 0)))
2023-12-01 15:13:18,978 - DEBUG - output: ['ABBDD', 'ABCEE', 'ABAFF']
2023-12-01 15:13:18,978 - DEBUG - dfs(h=2, q_vec=((2, 2), (2, 2), (2, 2)))
2023-12-01 15:13:18,978 - DEBUG - dfs(h=1, q_vec=((1, 1), (1, 1), (1, 1)))
2023-12-01 15:13:18,978 - DEBUG - dfs(h=0, q_vec=((0, 0), (0, 0), (0, 0)))
2023-12-01 15:13:18,978 - DEBUG - output: ['ABBDD', 'ABCEE', 'ABAFF']
2023-12-01 15:13:18,978 - DEBUG - dfs(h=2, q_vec=((2, 2), (2, 2), (2, 4)))
2023-12-01 15:13:18,978 - DEBUG - dfs(h=1, q_vec=((1, 1), (1, 1), (1, 1)))
2023-12-01 15:13:18,978 - DEBUG - dfs(h=0, q_vec=((0, 0), (0, 0), (0, 0)))
2023-12-01 15:13:18,978 - DEBUG - output: ['ABBDD', 'ABCEE', 'ABAFF']
2023-12-01 15:13:18,978 - DEBUG - dfs(h=3, q_vec=((4, 4), (3, 5), (5, 3)))
2023-12-01 15:13:18,978 - DEBUG - dfs(h=2, q_vec=((2, 2), (2, 2), (4, 2)))
2023-12-01 15:13:18,978 - DEBUG - dfs(h=1, q_vec=((1, 1), (1, 1), (3, 1)))
2023-12-01 15:13:18,978 - DEBUG - dfs(h=0, q_vec=((0, 0), (0, 0), (0, 0)))
2023-12-01 15:13:18,978 - DEBUG - output: ['ABBDD', 'ABAEE', 'ABCFF']
2023-12-01 15:13:18,978 - DEBUG - dfs(h=1, q_vec=((1, 1), (1, 1), (1, 1)))
2023-12-01 15:13:18,978 - DEBUG - dfs(h=0, q_vec=((0, 0), (0, 0), (0, 0)))
2023-12-01 15:13:18,979 - DEBUG - output: ['ABBDD', 'ABAEE', 'ABCFF']
2023-12-01 15:13:18,979 - DEBUG - dfs(h=2, q_vec=((2, 2), (2, 2), (2, 2)))
2023-12-01 15:13:18,979 - DEBUG - dfs(h=1, q_vec=((1, 1), (1, 1), (1, 1)))
2023-12-01 15:13:18,979 - DEBUG - dfs(h=0, q_vec=((0, 0), (0, 0), (0, 0)))
2023-12-01 15:13:18,979 - DEBUG - output: ['ABBDD', 'ABAEE', 'ABCFF']
2023-12-01 15:13:18,979 - DEBUG - dfs(h=2, q_vec=((2, 2), (2, 4), (4, 2)))
2023-12-01 15:13:18,979 - DEBUG - dfs(h=1, q_vec=((1, 1), (1, 1), (3, 1)))
2023-12-01 15:13:18,979 - DEBUG - dfs(h=0, q_vec=((0, 0), (0, 0), (0, 0)))
2023-12-01 15:13:18,979 - DEBUG - output: ['ABBDD', 'ABAEE', 'ABCFF']
2023-12-01 15:13:18,979 - DEBUG - dfs(h=1, q_vec=((1, 1), (1, 1), (1, 1)))
2023-12-01 15:13:18,979 - DEBUG - dfs(h=0, q_vec=((0, 0), (0, 0), (0, 0)))
2023-12-01 15:13:18,979 - DEBUG - output: ['ABBDD', 'ABAEE', 'ABCFF']
2023-12-01 15:13:18,979 - DEBUG - dfs(h=2, q_vec=((2, 2), (2, 4), (2, 2)))
2023-12-01 15:13:18,979 - DEBUG - dfs(h=1, q_vec=((1, 1), (1, 1), (1, 1)))
2023-12-01 15:13:18,979 - DEBUG - dfs(h=0, q_vec=((0, 0), (0, 0), (0, 0)))
2023-12-01 15:13:18,979 - DEBUG - output: ['ABBDD', 'ABAEE', 'ABCFF']
